<html>
<head>
<title>TestNG:  Command line test</title>
<link href="../testng.css" rel="stylesheet" type="text/css" />
<link href="../my-testng.css" rel="stylesheet" type="text/css" />

<style type="text/css">
.log { display: none;} 
.stack-trace { display: none;} 
</style>
<script type="text/javascript">
<!--
function flip(e) {
  current = e.style.display;
  if (current == 'block') {
    e.style.display = 'none';
    return 0;
  }
  else {
    e.style.display = 'block';
    return 1;
  }
}

function toggleBox(szDivId, elem, msg1, msg2)
{
  var res = -1;  if (document.getElementById) {
    res = flip(document.getElementById(szDivId));
  }
  else if (document.all) {
    // this is the way old msie versions work
    res = flip(document.all[szDivId]);
  }
  if(elem) {
    if(res == 0) elem.innerHTML = msg1; else elem.innerHTML = msg2;
  }

}

function toggleAllBoxes() {
  if (document.getElementsByTagName) {
    d = document.getElementsByTagName('div');
    for (i = 0; i < d.length; i++) {
      if (d[i].className == 'log') {
        flip(d[i]);
      }
    }
  }
}

// -->
</script>

</head>
<body>
<h2 align='center'>Command line test</h2><table border='1' align="center">
<tr>
<td>Tests passed/Failed/Skipped:</td><td>69/12/0</td>
</tr><tr>
<td>Started on:</td><td>Thu Oct 11 15:47:35 CST 2018</td>
</tr>
<tr><td>Total time:</td><td>0 seconds (292 ms)</td>
</tr><tr>
<td>Included groups:</td><td></td>
</tr><tr>
<td>Excluded groups:</td><td></td>
</tr>
</table><p/>
<small><i>(Hover the method name to see the test class name)</i></small><p/>
<table width='100%' border='1' class='invocation-failed'>
<tr><td colspan='4' align='center'><b>FAILED TESTS</b></td></tr>
<tr><td><b>Test method</b></td>
<td width="30%"><b>Exception</b></td>
<td width="10%"><b>Time (seconds)</b></td>
<td><b>Instance</b></td>
</tr>
<tr>
<td title='com.avnet.emasia.webquote.entity.QtyCalTest.calMoqTest1()'><b>calMoqTest1</b><br>Test class: com.avnet.emasia.webquote.entity.QtyCalTest</td>
<td><div><pre>java.lang.AssertionError: expected [1500] but found [1100]
	at com.avnet.emasia.webquote.entity.QtyCalTest.calMoqTest1(QtyCalTest.java:69)
	at org.apache.maven.surefire.testng.TestNGExecutor.run(TestNGExecutor.java:77)
	at org.apache.maven.surefire.testng.TestNGDirectoryTestSuite.executeMulti(TestNGDirectoryTestSuite.java:159)
	at org.apache.maven.surefire.testng.TestNGDirectoryTestSuite.execute(TestNGDirectoryTestSuite.java:99)
	at org.apache.maven.surefire.testng.TestNGProvider.invoke(TestNGProvider.java:106)
	at org.apache.maven.surefire.util.ReflectionUtils.invokeMethodWithArray(ReflectionUtils.java:189)
	at org.apache.maven.surefire.booter.ProviderFactory$ProviderProxy.invoke(ProviderFactory.java:165)
	at org.apache.maven.surefire.booter.ProviderFactory.invokeProvider(ProviderFactory.java:85)
	at org.apache.maven.surefire.booter.ForkedBooter.runSuitesInProcess(ForkedBooter.java:115)
	at org.apache.maven.surefire.booter.ForkedBooter.main(ForkedBooter.java:75)
... Removed 30 stack frames</pre></div><a href='#' onClick='toggleBox("stack-trace1071097621", this, "Click to show all stack frames", "Click to hide stack frames")'>Click to show all stack frames</a>
<div class='stack-trace' id='stack-trace1071097621'><pre>java.lang.AssertionError: expected [1500] but found [1100]
	at org.testng.Assert.fail(Assert.java:94)
	at org.testng.Assert.failNotEquals(Assert.java:494)
	at org.testng.Assert.assertEquals(Assert.java:123)
	at org.testng.Assert.assertEquals(Assert.java:370)
	at org.testng.Assert.assertEquals(Assert.java:380)
	at com.avnet.emasia.webquote.entity.QtyCalTest.calMoqTest1(QtyCalTest.java:69)
	at sun.reflect.NativeMethodAccessorImpl.invoke0(Native Method)
	at sun.reflect.NativeMethodAccessorImpl.invoke(NativeMethodAccessorImpl.java:62)
	at sun.reflect.DelegatingMethodAccessorImpl.invoke(DelegatingMethodAccessorImpl.java:43)
	at java.lang.reflect.Method.invoke(Method.java:498)
	at org.testng.internal.MethodInvocationHelper.invokeMethod(MethodInvocationHelper.java:80)
	at org.testng.internal.Invoker.invokeMethod(Invoker.java:714)
	at org.testng.internal.Invoker.invokeTestMethod(Invoker.java:901)
	at org.testng.internal.Invoker.invokeTestMethods(Invoker.java:1231)
	at org.testng.internal.TestMethodWorker.invokeTestMethods(TestMethodWorker.java:127)
	at org.testng.internal.TestMethodWorker.run(TestMethodWorker.java:111)
	at org.testng.TestRunner.privateRun(TestRunner.java:767)
	at org.testng.TestRunner.run(TestRunner.java:617)
	at org.testng.SuiteRunner.runTest(SuiteRunner.java:334)
	at org.testng.SuiteRunner.runSequentially(SuiteRunner.java:329)
	at org.testng.SuiteRunner.privateRun(SuiteRunner.java:291)
	at org.testng.SuiteRunner.run(SuiteRunner.java:240)
	at org.testng.SuiteRunnerWorker.runSuite(SuiteRunnerWorker.java:52)
	at org.testng.SuiteRunnerWorker.run(SuiteRunnerWorker.java:86)
	at org.testng.TestNG.runSuitesSequentially(TestNG.java:1198)
	at org.testng.TestNG.runSuitesLocally(TestNG.java:1123)
	at org.testng.TestNG.run(TestNG.java:1031)
	at org.apache.maven.surefire.testng.TestNGExecutor.run(TestNGExecutor.java:77)
	at org.apache.maven.surefire.testng.TestNGDirectoryTestSuite.executeMulti(TestNGDirectoryTestSuite.java:159)
	at org.apache.maven.surefire.testng.TestNGDirectoryTestSuite.execute(TestNGDirectoryTestSuite.java:99)
	at org.apache.maven.surefire.testng.TestNGProvider.invoke(TestNGProvider.java:106)
	at sun.reflect.NativeMethodAccessorImpl.invoke0(Native Method)
	at sun.reflect.NativeMethodAccessorImpl.invoke(NativeMethodAccessorImpl.java:62)
	at sun.reflect.DelegatingMethodAccessorImpl.invoke(DelegatingMethodAccessorImpl.java:43)
	at java.lang.reflect.Method.invoke(Method.java:498)
	at org.apache.maven.surefire.util.ReflectionUtils.invokeMethodWithArray(ReflectionUtils.java:189)
	at org.apache.maven.surefire.booter.ProviderFactory$ProviderProxy.invoke(ProviderFactory.java:165)
	at org.apache.maven.surefire.booter.ProviderFactory.invokeProvider(ProviderFactory.java:85)
	at org.apache.maven.surefire.booter.ForkedBooter.runSuitesInProcess(ForkedBooter.java:115)
	at org.apache.maven.surefire.booter.ForkedBooter.main(ForkedBooter.java:75)
</pre></div></td>
<td>0</td>
<td>com.avnet.emasia.webquote.entity.QtyCalTest@3551a94</td></tr>
<tr>
<td title='com.avnet.emasia.webquote.entity.QtyCalTest.calMoqTest2()'><b>calMoqTest2</b><br>Test class: com.avnet.emasia.webquote.entity.QtyCalTest</td>
<td><div><pre>java.lang.AssertionError: expected [1800] but found [1100]
	at com.avnet.emasia.webquote.entity.QtyCalTest.calMoqTest2(QtyCalTest.java:74)
	at org.apache.maven.surefire.testng.TestNGExecutor.run(TestNGExecutor.java:77)
	at org.apache.maven.surefire.testng.TestNGDirectoryTestSuite.executeMulti(TestNGDirectoryTestSuite.java:159)
	at org.apache.maven.surefire.testng.TestNGDirectoryTestSuite.execute(TestNGDirectoryTestSuite.java:99)
	at org.apache.maven.surefire.testng.TestNGProvider.invoke(TestNGProvider.java:106)
	at org.apache.maven.surefire.util.ReflectionUtils.invokeMethodWithArray(ReflectionUtils.java:189)
	at org.apache.maven.surefire.booter.ProviderFactory$ProviderProxy.invoke(ProviderFactory.java:165)
	at org.apache.maven.surefire.booter.ProviderFactory.invokeProvider(ProviderFactory.java:85)
	at org.apache.maven.surefire.booter.ForkedBooter.runSuitesInProcess(ForkedBooter.java:115)
	at org.apache.maven.surefire.booter.ForkedBooter.main(ForkedBooter.java:75)
... Removed 30 stack frames</pre></div><a href='#' onClick='toggleBox("stack-trace133250414", this, "Click to show all stack frames", "Click to hide stack frames")'>Click to show all stack frames</a>
<div class='stack-trace' id='stack-trace133250414'><pre>java.lang.AssertionError: expected [1800] but found [1100]
	at org.testng.Assert.fail(Assert.java:94)
	at org.testng.Assert.failNotEquals(Assert.java:494)
	at org.testng.Assert.assertEquals(Assert.java:123)
	at org.testng.Assert.assertEquals(Assert.java:370)
	at org.testng.Assert.assertEquals(Assert.java:380)
	at com.avnet.emasia.webquote.entity.QtyCalTest.calMoqTest2(QtyCalTest.java:74)
	at sun.reflect.NativeMethodAccessorImpl.invoke0(Native Method)
	at sun.reflect.NativeMethodAccessorImpl.invoke(NativeMethodAccessorImpl.java:62)
	at sun.reflect.DelegatingMethodAccessorImpl.invoke(DelegatingMethodAccessorImpl.java:43)
	at java.lang.reflect.Method.invoke(Method.java:498)
	at org.testng.internal.MethodInvocationHelper.invokeMethod(MethodInvocationHelper.java:80)
	at org.testng.internal.Invoker.invokeMethod(Invoker.java:714)
	at org.testng.internal.Invoker.invokeTestMethod(Invoker.java:901)
	at org.testng.internal.Invoker.invokeTestMethods(Invoker.java:1231)
	at org.testng.internal.TestMethodWorker.invokeTestMethods(TestMethodWorker.java:127)
	at org.testng.internal.TestMethodWorker.run(TestMethodWorker.java:111)
	at org.testng.TestRunner.privateRun(TestRunner.java:767)
	at org.testng.TestRunner.run(TestRunner.java:617)
	at org.testng.SuiteRunner.runTest(SuiteRunner.java:334)
	at org.testng.SuiteRunner.runSequentially(SuiteRunner.java:329)
	at org.testng.SuiteRunner.privateRun(SuiteRunner.java:291)
	at org.testng.SuiteRunner.run(SuiteRunner.java:240)
	at org.testng.SuiteRunnerWorker.runSuite(SuiteRunnerWorker.java:52)
	at org.testng.SuiteRunnerWorker.run(SuiteRunnerWorker.java:86)
	at org.testng.TestNG.runSuitesSequentially(TestNG.java:1198)
	at org.testng.TestNG.runSuitesLocally(TestNG.java:1123)
	at org.testng.TestNG.run(TestNG.java:1031)
	at org.apache.maven.surefire.testng.TestNGExecutor.run(TestNGExecutor.java:77)
	at org.apache.maven.surefire.testng.TestNGDirectoryTestSuite.executeMulti(TestNGDirectoryTestSuite.java:159)
	at org.apache.maven.surefire.testng.TestNGDirectoryTestSuite.execute(TestNGDirectoryTestSuite.java:99)
	at org.apache.maven.surefire.testng.TestNGProvider.invoke(TestNGProvider.java:106)
	at sun.reflect.NativeMethodAccessorImpl.invoke0(Native Method)
	at sun.reflect.NativeMethodAccessorImpl.invoke(NativeMethodAccessorImpl.java:62)
	at sun.reflect.DelegatingMethodAccessorImpl.invoke(DelegatingMethodAccessorImpl.java:43)
	at java.lang.reflect.Method.invoke(Method.java:498)
	at org.apache.maven.surefire.util.ReflectionUtils.invokeMethodWithArray(ReflectionUtils.java:189)
	at org.apache.maven.surefire.booter.ProviderFactory$ProviderProxy.invoke(ProviderFactory.java:165)
	at org.apache.maven.surefire.booter.ProviderFactory.invokeProvider(ProviderFactory.java:85)
	at org.apache.maven.surefire.booter.ForkedBooter.runSuitesInProcess(ForkedBooter.java:115)
	at org.apache.maven.surefire.booter.ForkedBooter.main(ForkedBooter.java:75)
</pre></div></td>
<td>0</td>
<td>com.avnet.emasia.webquote.entity.QtyCalTest@3551a94</td></tr>
<tr>
<td title='com.avnet.emasia.webquote.entity.MaterialTest.fillInPricerInfoTest()'><b>fillInPricerInfoTest</b><br>Test class: com.avnet.emasia.webquote.entity.MaterialTest</td>
<td><div><pre>java.lang.NullPointerException: Name is null
	at java.lang.Enum.valueOf(Enum.java:236)
	at com.avnet.emasia.webquote.entity.Currency.valueOf(Currency.java:5)
	at com.avnet.emasia.webquote.entity.Material.applyAQLogic(Material.java:517)
	at com.avnet.emasia.webquote.entity.MaterialTest.fillInPricerInfoTest(MaterialTest.java:234)
	at org.apache.maven.surefire.testng.TestNGExecutor.run(TestNGExecutor.java:77)
	at org.apache.maven.surefire.testng.TestNGDirectoryTestSuite.executeMulti(TestNGDirectoryTestSuite.java:159)
	at org.apache.maven.surefire.testng.TestNGDirectoryTestSuite.execute(TestNGDirectoryTestSuite.java:99)
	at org.apache.maven.surefire.testng.TestNGProvider.invoke(TestNGProvider.java:106)
	at org.apache.maven.surefire.util.ReflectionUtils.invokeMethodWithArray(ReflectionUtils.java:189)
	at org.apache.maven.surefire.booter.ProviderFactory$ProviderProxy.invoke(ProviderFactory.java:165)
	at org.apache.maven.surefire.booter.ProviderFactory.invokeProvider(ProviderFactory.java:85)
	at org.apache.maven.surefire.booter.ForkedBooter.runSuitesInProcess(ForkedBooter.java:115)
	at org.apache.maven.surefire.booter.ForkedBooter.main(ForkedBooter.java:75)
... Removed 25 stack frames</pre></div><a href='#' onClick='toggleBox("stack-trace466505482", this, "Click to show all stack frames", "Click to hide stack frames")'>Click to show all stack frames</a>
<div class='stack-trace' id='stack-trace466505482'><pre>java.lang.NullPointerException: Name is null
	at java.lang.Enum.valueOf(Enum.java:236)
	at com.avnet.emasia.webquote.entity.Currency.valueOf(Currency.java:5)
	at com.avnet.emasia.webquote.entity.Material.applyAQLogic(Material.java:517)
	at com.avnet.emasia.webquote.entity.MaterialTest.fillInPricerInfoTest(MaterialTest.java:234)
	at sun.reflect.NativeMethodAccessorImpl.invoke0(Native Method)
	at sun.reflect.NativeMethodAccessorImpl.invoke(NativeMethodAccessorImpl.java:62)
	at sun.reflect.DelegatingMethodAccessorImpl.invoke(DelegatingMethodAccessorImpl.java:43)
	at java.lang.reflect.Method.invoke(Method.java:498)
	at org.testng.internal.MethodInvocationHelper.invokeMethod(MethodInvocationHelper.java:80)
	at org.testng.internal.Invoker.invokeMethod(Invoker.java:714)
	at org.testng.internal.Invoker.invokeTestMethod(Invoker.java:901)
	at org.testng.internal.Invoker.invokeTestMethods(Invoker.java:1231)
	at org.testng.internal.TestMethodWorker.invokeTestMethods(TestMethodWorker.java:127)
	at org.testng.internal.TestMethodWorker.run(TestMethodWorker.java:111)
	at org.testng.TestRunner.privateRun(TestRunner.java:767)
	at org.testng.TestRunner.run(TestRunner.java:617)
	at org.testng.SuiteRunner.runTest(SuiteRunner.java:334)
	at org.testng.SuiteRunner.runSequentially(SuiteRunner.java:329)
	at org.testng.SuiteRunner.privateRun(SuiteRunner.java:291)
	at org.testng.SuiteRunner.run(SuiteRunner.java:240)
	at org.testng.SuiteRunnerWorker.runSuite(SuiteRunnerWorker.java:52)
	at org.testng.SuiteRunnerWorker.run(SuiteRunnerWorker.java:86)
	at org.testng.TestNG.runSuitesSequentially(TestNG.java:1198)
	at org.testng.TestNG.runSuitesLocally(TestNG.java:1123)
	at org.testng.TestNG.run(TestNG.java:1031)
	at org.apache.maven.surefire.testng.TestNGExecutor.run(TestNGExecutor.java:77)
	at org.apache.maven.surefire.testng.TestNGDirectoryTestSuite.executeMulti(TestNGDirectoryTestSuite.java:159)
	at org.apache.maven.surefire.testng.TestNGDirectoryTestSuite.execute(TestNGDirectoryTestSuite.java:99)
	at org.apache.maven.surefire.testng.TestNGProvider.invoke(TestNGProvider.java:106)
	at sun.reflect.NativeMethodAccessorImpl.invoke0(Native Method)
	at sun.reflect.NativeMethodAccessorImpl.invoke(NativeMethodAccessorImpl.java:62)
	at sun.reflect.DelegatingMethodAccessorImpl.invoke(DelegatingMethodAccessorImpl.java:43)
	at java.lang.reflect.Method.invoke(Method.java:498)
	at org.apache.maven.surefire.util.ReflectionUtils.invokeMethodWithArray(ReflectionUtils.java:189)
	at org.apache.maven.surefire.booter.ProviderFactory$ProviderProxy.invoke(ProviderFactory.java:165)
	at org.apache.maven.surefire.booter.ProviderFactory.invokeProvider(ProviderFactory.java:85)
	at org.apache.maven.surefire.booter.ForkedBooter.runSuitesInProcess(ForkedBooter.java:115)
	at org.apache.maven.surefire.booter.ForkedBooter.main(ForkedBooter.java:75)
</pre></div></td>
<td>0</td>
<td>com.avnet.emasia.webquote.entity.MaterialTest@531be3c5</td></tr>
<tr>
<td title='com.avnet.emasia.webquote.entity.MaterialTest.fillInPricerInfoTest2()'><b>fillInPricerInfoTest2</b><br>Test class: com.avnet.emasia.webquote.entity.MaterialTest</td>
<td><div><pre>java.lang.NullPointerException: Name is null
	at java.lang.Enum.valueOf(Enum.java:236)
	at com.avnet.emasia.webquote.entity.Currency.valueOf(Currency.java:5)
	at com.avnet.emasia.webquote.entity.Material.applyAQLogic(Material.java:517)
	at com.avnet.emasia.webquote.entity.MaterialTest.fillInPricerInfoTest2(MaterialTest.java:245)
	at org.apache.maven.surefire.testng.TestNGExecutor.run(TestNGExecutor.java:77)
	at org.apache.maven.surefire.testng.TestNGDirectoryTestSuite.executeMulti(TestNGDirectoryTestSuite.java:159)
	at org.apache.maven.surefire.testng.TestNGDirectoryTestSuite.execute(TestNGDirectoryTestSuite.java:99)
	at org.apache.maven.surefire.testng.TestNGProvider.invoke(TestNGProvider.java:106)
	at org.apache.maven.surefire.util.ReflectionUtils.invokeMethodWithArray(ReflectionUtils.java:189)
	at org.apache.maven.surefire.booter.ProviderFactory$ProviderProxy.invoke(ProviderFactory.java:165)
	at org.apache.maven.surefire.booter.ProviderFactory.invokeProvider(ProviderFactory.java:85)
	at org.apache.maven.surefire.booter.ForkedBooter.runSuitesInProcess(ForkedBooter.java:115)
	at org.apache.maven.surefire.booter.ForkedBooter.main(ForkedBooter.java:75)
... Removed 25 stack frames</pre></div><a href='#' onClick='toggleBox("stack-trace152134087", this, "Click to show all stack frames", "Click to hide stack frames")'>Click to show all stack frames</a>
<div class='stack-trace' id='stack-trace152134087'><pre>java.lang.NullPointerException: Name is null
	at java.lang.Enum.valueOf(Enum.java:236)
	at com.avnet.emasia.webquote.entity.Currency.valueOf(Currency.java:5)
	at com.avnet.emasia.webquote.entity.Material.applyAQLogic(Material.java:517)
	at com.avnet.emasia.webquote.entity.MaterialTest.fillInPricerInfoTest2(MaterialTest.java:245)
	at sun.reflect.NativeMethodAccessorImpl.invoke0(Native Method)
	at sun.reflect.NativeMethodAccessorImpl.invoke(NativeMethodAccessorImpl.java:62)
	at sun.reflect.DelegatingMethodAccessorImpl.invoke(DelegatingMethodAccessorImpl.java:43)
	at java.lang.reflect.Method.invoke(Method.java:498)
	at org.testng.internal.MethodInvocationHelper.invokeMethod(MethodInvocationHelper.java:80)
	at org.testng.internal.Invoker.invokeMethod(Invoker.java:714)
	at org.testng.internal.Invoker.invokeTestMethod(Invoker.java:901)
	at org.testng.internal.Invoker.invokeTestMethods(Invoker.java:1231)
	at org.testng.internal.TestMethodWorker.invokeTestMethods(TestMethodWorker.java:127)
	at org.testng.internal.TestMethodWorker.run(TestMethodWorker.java:111)
	at org.testng.TestRunner.privateRun(TestRunner.java:767)
	at org.testng.TestRunner.run(TestRunner.java:617)
	at org.testng.SuiteRunner.runTest(SuiteRunner.java:334)
	at org.testng.SuiteRunner.runSequentially(SuiteRunner.java:329)
	at org.testng.SuiteRunner.privateRun(SuiteRunner.java:291)
	at org.testng.SuiteRunner.run(SuiteRunner.java:240)
	at org.testng.SuiteRunnerWorker.runSuite(SuiteRunnerWorker.java:52)
	at org.testng.SuiteRunnerWorker.run(SuiteRunnerWorker.java:86)
	at org.testng.TestNG.runSuitesSequentially(TestNG.java:1198)
	at org.testng.TestNG.runSuitesLocally(TestNG.java:1123)
	at org.testng.TestNG.run(TestNG.java:1031)
	at org.apache.maven.surefire.testng.TestNGExecutor.run(TestNGExecutor.java:77)
	at org.apache.maven.surefire.testng.TestNGDirectoryTestSuite.executeMulti(TestNGDirectoryTestSuite.java:159)
	at org.apache.maven.surefire.testng.TestNGDirectoryTestSuite.execute(TestNGDirectoryTestSuite.java:99)
	at org.apache.maven.surefire.testng.TestNGProvider.invoke(TestNGProvider.java:106)
	at sun.reflect.NativeMethodAccessorImpl.invoke0(Native Method)
	at sun.reflect.NativeMethodAccessorImpl.invoke(NativeMethodAccessorImpl.java:62)
	at sun.reflect.DelegatingMethodAccessorImpl.invoke(DelegatingMethodAccessorImpl.java:43)
	at java.lang.reflect.Method.invoke(Method.java:498)
	at org.apache.maven.surefire.util.ReflectionUtils.invokeMethodWithArray(ReflectionUtils.java:189)
	at org.apache.maven.surefire.booter.ProviderFactory$ProviderProxy.invoke(ProviderFactory.java:165)
	at org.apache.maven.surefire.booter.ProviderFactory.invokeProvider(ProviderFactory.java:85)
	at org.apache.maven.surefire.booter.ForkedBooter.runSuitesInProcess(ForkedBooter.java:115)
	at org.apache.maven.surefire.booter.ForkedBooter.main(ForkedBooter.java:75)
</pre></div></td>
<td>0</td>
<td>com.avnet.emasia.webquote.entity.MaterialTest@531be3c5</td></tr>
<tr>
<td title='com.avnet.emasia.webquote.entity.MaterialTest.fillInPricerInfoTest3()'><b>fillInPricerInfoTest3</b><br>Test class: com.avnet.emasia.webquote.entity.MaterialTest</td>
<td><div><pre>java.lang.NullPointerException: Name is null
	at java.lang.Enum.valueOf(Enum.java:236)
	at com.avnet.emasia.webquote.entity.Currency.valueOf(Currency.java:5)
	at com.avnet.emasia.webquote.entity.Material.applyAQLogic(Material.java:517)
	at com.avnet.emasia.webquote.entity.MaterialTest.fillInPricerInfoTest3(MaterialTest.java:269)
	at org.apache.maven.surefire.testng.TestNGExecutor.run(TestNGExecutor.java:77)
	at org.apache.maven.surefire.testng.TestNGDirectoryTestSuite.executeMulti(TestNGDirectoryTestSuite.java:159)
	at org.apache.maven.surefire.testng.TestNGDirectoryTestSuite.execute(TestNGDirectoryTestSuite.java:99)
	at org.apache.maven.surefire.testng.TestNGProvider.invoke(TestNGProvider.java:106)
	at org.apache.maven.surefire.util.ReflectionUtils.invokeMethodWithArray(ReflectionUtils.java:189)
	at org.apache.maven.surefire.booter.ProviderFactory$ProviderProxy.invoke(ProviderFactory.java:165)
	at org.apache.maven.surefire.booter.ProviderFactory.invokeProvider(ProviderFactory.java:85)
	at org.apache.maven.surefire.booter.ForkedBooter.runSuitesInProcess(ForkedBooter.java:115)
	at org.apache.maven.surefire.booter.ForkedBooter.main(ForkedBooter.java:75)
... Removed 25 stack frames</pre></div><a href='#' onClick='toggleBox("stack-trace1750905143", this, "Click to show all stack frames", "Click to hide stack frames")'>Click to show all stack frames</a>
<div class='stack-trace' id='stack-trace1750905143'><pre>java.lang.NullPointerException: Name is null
	at java.lang.Enum.valueOf(Enum.java:236)
	at com.avnet.emasia.webquote.entity.Currency.valueOf(Currency.java:5)
	at com.avnet.emasia.webquote.entity.Material.applyAQLogic(Material.java:517)
	at com.avnet.emasia.webquote.entity.MaterialTest.fillInPricerInfoTest3(MaterialTest.java:269)
	at sun.reflect.NativeMethodAccessorImpl.invoke0(Native Method)
	at sun.reflect.NativeMethodAccessorImpl.invoke(NativeMethodAccessorImpl.java:62)
	at sun.reflect.DelegatingMethodAccessorImpl.invoke(DelegatingMethodAccessorImpl.java:43)
	at java.lang.reflect.Method.invoke(Method.java:498)
	at org.testng.internal.MethodInvocationHelper.invokeMethod(MethodInvocationHelper.java:80)
	at org.testng.internal.Invoker.invokeMethod(Invoker.java:714)
	at org.testng.internal.Invoker.invokeTestMethod(Invoker.java:901)
	at org.testng.internal.Invoker.invokeTestMethods(Invoker.java:1231)
	at org.testng.internal.TestMethodWorker.invokeTestMethods(TestMethodWorker.java:127)
	at org.testng.internal.TestMethodWorker.run(TestMethodWorker.java:111)
	at org.testng.TestRunner.privateRun(TestRunner.java:767)
	at org.testng.TestRunner.run(TestRunner.java:617)
	at org.testng.SuiteRunner.runTest(SuiteRunner.java:334)
	at org.testng.SuiteRunner.runSequentially(SuiteRunner.java:329)
	at org.testng.SuiteRunner.privateRun(SuiteRunner.java:291)
	at org.testng.SuiteRunner.run(SuiteRunner.java:240)
	at org.testng.SuiteRunnerWorker.runSuite(SuiteRunnerWorker.java:52)
	at org.testng.SuiteRunnerWorker.run(SuiteRunnerWorker.java:86)
	at org.testng.TestNG.runSuitesSequentially(TestNG.java:1198)
	at org.testng.TestNG.runSuitesLocally(TestNG.java:1123)
	at org.testng.TestNG.run(TestNG.java:1031)
	at org.apache.maven.surefire.testng.TestNGExecutor.run(TestNGExecutor.java:77)
	at org.apache.maven.surefire.testng.TestNGDirectoryTestSuite.executeMulti(TestNGDirectoryTestSuite.java:159)
	at org.apache.maven.surefire.testng.TestNGDirectoryTestSuite.execute(TestNGDirectoryTestSuite.java:99)
	at org.apache.maven.surefire.testng.TestNGProvider.invoke(TestNGProvider.java:106)
	at sun.reflect.NativeMethodAccessorImpl.invoke0(Native Method)
	at sun.reflect.NativeMethodAccessorImpl.invoke(NativeMethodAccessorImpl.java:62)
	at sun.reflect.DelegatingMethodAccessorImpl.invoke(DelegatingMethodAccessorImpl.java:43)
	at java.lang.reflect.Method.invoke(Method.java:498)
	at org.apache.maven.surefire.util.ReflectionUtils.invokeMethodWithArray(ReflectionUtils.java:189)
	at org.apache.maven.surefire.booter.ProviderFactory$ProviderProxy.invoke(ProviderFactory.java:165)
	at org.apache.maven.surefire.booter.ProviderFactory.invokeProvider(ProviderFactory.java:85)
	at org.apache.maven.surefire.booter.ForkedBooter.runSuitesInProcess(ForkedBooter.java:115)
	at org.apache.maven.surefire.booter.ForkedBooter.main(ForkedBooter.java:75)
</pre></div></td>
<td>0</td>
<td>com.avnet.emasia.webquote.entity.MaterialTest@531be3c5</td></tr>
<tr>
<td title='com.avnet.emasia.webquote.entity.MaterialTest.fillInPricerInfoTest30()'><b>fillInPricerInfoTest30</b><br>Test class: com.avnet.emasia.webquote.entity.MaterialTest</td>
<td><div><pre>java.lang.NullPointerException: Name is null
	at java.lang.Enum.valueOf(Enum.java:236)
	at com.avnet.emasia.webquote.entity.Currency.valueOf(Currency.java:5)
	at com.avnet.emasia.webquote.entity.Material.applyAQLogic(Material.java:517)
	at com.avnet.emasia.webquote.entity.MaterialTest.fillInPricerInfoTest30(MaterialTest.java:288)
	at org.apache.maven.surefire.testng.TestNGExecutor.run(TestNGExecutor.java:77)
	at org.apache.maven.surefire.testng.TestNGDirectoryTestSuite.executeMulti(TestNGDirectoryTestSuite.java:159)
	at org.apache.maven.surefire.testng.TestNGDirectoryTestSuite.execute(TestNGDirectoryTestSuite.java:99)
	at org.apache.maven.surefire.testng.TestNGProvider.invoke(TestNGProvider.java:106)
	at org.apache.maven.surefire.util.ReflectionUtils.invokeMethodWithArray(ReflectionUtils.java:189)
	at org.apache.maven.surefire.booter.ProviderFactory$ProviderProxy.invoke(ProviderFactory.java:165)
	at org.apache.maven.surefire.booter.ProviderFactory.invokeProvider(ProviderFactory.java:85)
	at org.apache.maven.surefire.booter.ForkedBooter.runSuitesInProcess(ForkedBooter.java:115)
	at org.apache.maven.surefire.booter.ForkedBooter.main(ForkedBooter.java:75)
... Removed 25 stack frames</pre></div><a href='#' onClick='toggleBox("stack-trace1833638914", this, "Click to show all stack frames", "Click to hide stack frames")'>Click to show all stack frames</a>
<div class='stack-trace' id='stack-trace1833638914'><pre>java.lang.NullPointerException: Name is null
	at java.lang.Enum.valueOf(Enum.java:236)
	at com.avnet.emasia.webquote.entity.Currency.valueOf(Currency.java:5)
	at com.avnet.emasia.webquote.entity.Material.applyAQLogic(Material.java:517)
	at com.avnet.emasia.webquote.entity.MaterialTest.fillInPricerInfoTest30(MaterialTest.java:288)
	at sun.reflect.NativeMethodAccessorImpl.invoke0(Native Method)
	at sun.reflect.NativeMethodAccessorImpl.invoke(NativeMethodAccessorImpl.java:62)
	at sun.reflect.DelegatingMethodAccessorImpl.invoke(DelegatingMethodAccessorImpl.java:43)
	at java.lang.reflect.Method.invoke(Method.java:498)
	at org.testng.internal.MethodInvocationHelper.invokeMethod(MethodInvocationHelper.java:80)
	at org.testng.internal.Invoker.invokeMethod(Invoker.java:714)
	at org.testng.internal.Invoker.invokeTestMethod(Invoker.java:901)
	at org.testng.internal.Invoker.invokeTestMethods(Invoker.java:1231)
	at org.testng.internal.TestMethodWorker.invokeTestMethods(TestMethodWorker.java:127)
	at org.testng.internal.TestMethodWorker.run(TestMethodWorker.java:111)
	at org.testng.TestRunner.privateRun(TestRunner.java:767)
	at org.testng.TestRunner.run(TestRunner.java:617)
	at org.testng.SuiteRunner.runTest(SuiteRunner.java:334)
	at org.testng.SuiteRunner.runSequentially(SuiteRunner.java:329)
	at org.testng.SuiteRunner.privateRun(SuiteRunner.java:291)
	at org.testng.SuiteRunner.run(SuiteRunner.java:240)
	at org.testng.SuiteRunnerWorker.runSuite(SuiteRunnerWorker.java:52)
	at org.testng.SuiteRunnerWorker.run(SuiteRunnerWorker.java:86)
	at org.testng.TestNG.runSuitesSequentially(TestNG.java:1198)
	at org.testng.TestNG.runSuitesLocally(TestNG.java:1123)
	at org.testng.TestNG.run(TestNG.java:1031)
	at org.apache.maven.surefire.testng.TestNGExecutor.run(TestNGExecutor.java:77)
	at org.apache.maven.surefire.testng.TestNGDirectoryTestSuite.executeMulti(TestNGDirectoryTestSuite.java:159)
	at org.apache.maven.surefire.testng.TestNGDirectoryTestSuite.execute(TestNGDirectoryTestSuite.java:99)
	at org.apache.maven.surefire.testng.TestNGProvider.invoke(TestNGProvider.java:106)
	at sun.reflect.NativeMethodAccessorImpl.invoke0(Native Method)
	at sun.reflect.NativeMethodAccessorImpl.invoke(NativeMethodAccessorImpl.java:62)
	at sun.reflect.DelegatingMethodAccessorImpl.invoke(DelegatingMethodAccessorImpl.java:43)
	at java.lang.reflect.Method.invoke(Method.java:498)
	at org.apache.maven.surefire.util.ReflectionUtils.invokeMethodWithArray(ReflectionUtils.java:189)
	at org.apache.maven.surefire.booter.ProviderFactory$ProviderProxy.invoke(ProviderFactory.java:165)
	at org.apache.maven.surefire.booter.ProviderFactory.invokeProvider(ProviderFactory.java:85)
	at org.apache.maven.surefire.booter.ForkedBooter.runSuitesInProcess(ForkedBooter.java:115)
	at org.apache.maven.surefire.booter.ForkedBooter.main(ForkedBooter.java:75)
</pre></div></td>
<td>0</td>
<td>com.avnet.emasia.webquote.entity.MaterialTest@531be3c5</td></tr>
<tr>
<td title='com.avnet.emasia.webquote.entity.MaterialTest.fillInPricerInfoTest4()'><b>fillInPricerInfoTest4</b><br>Test class: com.avnet.emasia.webquote.entity.MaterialTest</td>
<td><div><pre>java.lang.AssertionError: expected [false] but found [true]
	at com.avnet.emasia.webquote.entity.MaterialTest.fillInPricerInfoTest4(MaterialTest.java:306)
	at org.apache.maven.surefire.testng.TestNGExecutor.run(TestNGExecutor.java:77)
	at org.apache.maven.surefire.testng.TestNGDirectoryTestSuite.executeMulti(TestNGDirectoryTestSuite.java:159)
	at org.apache.maven.surefire.testng.TestNGDirectoryTestSuite.execute(TestNGDirectoryTestSuite.java:99)
	at org.apache.maven.surefire.testng.TestNGProvider.invoke(TestNGProvider.java:106)
	at org.apache.maven.surefire.util.ReflectionUtils.invokeMethodWithArray(ReflectionUtils.java:189)
	at org.apache.maven.surefire.booter.ProviderFactory$ProviderProxy.invoke(ProviderFactory.java:165)
	at org.apache.maven.surefire.booter.ProviderFactory.invokeProvider(ProviderFactory.java:85)
	at org.apache.maven.surefire.booter.ForkedBooter.runSuitesInProcess(ForkedBooter.java:115)
	at org.apache.maven.surefire.booter.ForkedBooter.main(ForkedBooter.java:75)
... Removed 30 stack frames</pre></div><a href='#' onClick='toggleBox("stack-trace1735934726", this, "Click to show all stack frames", "Click to hide stack frames")'>Click to show all stack frames</a>
<div class='stack-trace' id='stack-trace1735934726'><pre>java.lang.AssertionError: expected [false] but found [true]
	at org.testng.Assert.fail(Assert.java:94)
	at org.testng.Assert.failNotEquals(Assert.java:494)
	at org.testng.Assert.assertEquals(Assert.java:123)
	at org.testng.Assert.assertEquals(Assert.java:286)
	at org.testng.Assert.assertEquals(Assert.java:296)
	at com.avnet.emasia.webquote.entity.MaterialTest.fillInPricerInfoTest4(MaterialTest.java:306)
	at sun.reflect.NativeMethodAccessorImpl.invoke0(Native Method)
	at sun.reflect.NativeMethodAccessorImpl.invoke(NativeMethodAccessorImpl.java:62)
	at sun.reflect.DelegatingMethodAccessorImpl.invoke(DelegatingMethodAccessorImpl.java:43)
	at java.lang.reflect.Method.invoke(Method.java:498)
	at org.testng.internal.MethodInvocationHelper.invokeMethod(MethodInvocationHelper.java:80)
	at org.testng.internal.Invoker.invokeMethod(Invoker.java:714)
	at org.testng.internal.Invoker.invokeTestMethod(Invoker.java:901)
	at org.testng.internal.Invoker.invokeTestMethods(Invoker.java:1231)
	at org.testng.internal.TestMethodWorker.invokeTestMethods(TestMethodWorker.java:127)
	at org.testng.internal.TestMethodWorker.run(TestMethodWorker.java:111)
	at org.testng.TestRunner.privateRun(TestRunner.java:767)
	at org.testng.TestRunner.run(TestRunner.java:617)
	at org.testng.SuiteRunner.runTest(SuiteRunner.java:334)
	at org.testng.SuiteRunner.runSequentially(SuiteRunner.java:329)
	at org.testng.SuiteRunner.privateRun(SuiteRunner.java:291)
	at org.testng.SuiteRunner.run(SuiteRunner.java:240)
	at org.testng.SuiteRunnerWorker.runSuite(SuiteRunnerWorker.java:52)
	at org.testng.SuiteRunnerWorker.run(SuiteRunnerWorker.java:86)
	at org.testng.TestNG.runSuitesSequentially(TestNG.java:1198)
	at org.testng.TestNG.runSuitesLocally(TestNG.java:1123)
	at org.testng.TestNG.run(TestNG.java:1031)
	at org.apache.maven.surefire.testng.TestNGExecutor.run(TestNGExecutor.java:77)
	at org.apache.maven.surefire.testng.TestNGDirectoryTestSuite.executeMulti(TestNGDirectoryTestSuite.java:159)
	at org.apache.maven.surefire.testng.TestNGDirectoryTestSuite.execute(TestNGDirectoryTestSuite.java:99)
	at org.apache.maven.surefire.testng.TestNGProvider.invoke(TestNGProvider.java:106)
	at sun.reflect.NativeMethodAccessorImpl.invoke0(Native Method)
	at sun.reflect.NativeMethodAccessorImpl.invoke(NativeMethodAccessorImpl.java:62)
	at sun.reflect.DelegatingMethodAccessorImpl.invoke(DelegatingMethodAccessorImpl.java:43)
	at java.lang.reflect.Method.invoke(Method.java:498)
	at org.apache.maven.surefire.util.ReflectionUtils.invokeMethodWithArray(ReflectionUtils.java:189)
	at org.apache.maven.surefire.booter.ProviderFactory$ProviderProxy.invoke(ProviderFactory.java:165)
	at org.apache.maven.surefire.booter.ProviderFactory.invokeProvider(ProviderFactory.java:85)
	at org.apache.maven.surefire.booter.ForkedBooter.runSuitesInProcess(ForkedBooter.java:115)
	at org.apache.maven.surefire.booter.ForkedBooter.main(ForkedBooter.java:75)
</pre></div></td>
<td>0</td>
<td>com.avnet.emasia.webquote.entity.MaterialTest@531be3c5</td></tr>
<tr>
<td title='com.avnet.emasia.webquote.vo.RfqItemVOTest.matchAQConditionsTest1()'><b>matchAQConditionsTest1</b><br>Test class: com.avnet.emasia.webquote.vo.RfqItemVOTest</td>
<td><div><pre>java.lang.AssertionError: expected [true] but found [false]
	at com.avnet.emasia.webquote.vo.RfqItemVOTest.matchAQConditionsTest1(RfqItemVOTest.java:48)
	at org.apache.maven.surefire.testng.TestNGExecutor.run(TestNGExecutor.java:77)
	at org.apache.maven.surefire.testng.TestNGDirectoryTestSuite.executeMulti(TestNGDirectoryTestSuite.java:159)
	at org.apache.maven.surefire.testng.TestNGDirectoryTestSuite.execute(TestNGDirectoryTestSuite.java:99)
	at org.apache.maven.surefire.testng.TestNGProvider.invoke(TestNGProvider.java:106)
	at org.apache.maven.surefire.util.ReflectionUtils.invokeMethodWithArray(ReflectionUtils.java:189)
	at org.apache.maven.surefire.booter.ProviderFactory$ProviderProxy.invoke(ProviderFactory.java:165)
	at org.apache.maven.surefire.booter.ProviderFactory.invokeProvider(ProviderFactory.java:85)
	at org.apache.maven.surefire.booter.ForkedBooter.runSuitesInProcess(ForkedBooter.java:115)
	at org.apache.maven.surefire.booter.ForkedBooter.main(ForkedBooter.java:75)
... Removed 29 stack frames</pre></div><a href='#' onClick='toggleBox("stack-trace662822946", this, "Click to show all stack frames", "Click to hide stack frames")'>Click to show all stack frames</a>
<div class='stack-trace' id='stack-trace662822946'><pre>java.lang.AssertionError: expected [true] but found [false]
	at org.testng.Assert.fail(Assert.java:94)
	at org.testng.Assert.failNotEquals(Assert.java:494)
	at org.testng.Assert.assertTrue(Assert.java:42)
	at org.testng.Assert.assertTrue(Assert.java:52)
	at com.avnet.emasia.webquote.vo.RfqItemVOTest.matchAQConditionsTest1(RfqItemVOTest.java:48)
	at sun.reflect.NativeMethodAccessorImpl.invoke0(Native Method)
	at sun.reflect.NativeMethodAccessorImpl.invoke(NativeMethodAccessorImpl.java:62)
	at sun.reflect.DelegatingMethodAccessorImpl.invoke(DelegatingMethodAccessorImpl.java:43)
	at java.lang.reflect.Method.invoke(Method.java:498)
	at org.testng.internal.MethodInvocationHelper.invokeMethod(MethodInvocationHelper.java:80)
	at org.testng.internal.Invoker.invokeMethod(Invoker.java:714)
	at org.testng.internal.Invoker.invokeTestMethod(Invoker.java:901)
	at org.testng.internal.Invoker.invokeTestMethods(Invoker.java:1231)
	at org.testng.internal.TestMethodWorker.invokeTestMethods(TestMethodWorker.java:127)
	at org.testng.internal.TestMethodWorker.run(TestMethodWorker.java:111)
	at org.testng.TestRunner.privateRun(TestRunner.java:767)
	at org.testng.TestRunner.run(TestRunner.java:617)
	at org.testng.SuiteRunner.runTest(SuiteRunner.java:334)
	at org.testng.SuiteRunner.runSequentially(SuiteRunner.java:329)
	at org.testng.SuiteRunner.privateRun(SuiteRunner.java:291)
	at org.testng.SuiteRunner.run(SuiteRunner.java:240)
	at org.testng.SuiteRunnerWorker.runSuite(SuiteRunnerWorker.java:52)
	at org.testng.SuiteRunnerWorker.run(SuiteRunnerWorker.java:86)
	at org.testng.TestNG.runSuitesSequentially(TestNG.java:1198)
	at org.testng.TestNG.runSuitesLocally(TestNG.java:1123)
	at org.testng.TestNG.run(TestNG.java:1031)
	at org.apache.maven.surefire.testng.TestNGExecutor.run(TestNGExecutor.java:77)
	at org.apache.maven.surefire.testng.TestNGDirectoryTestSuite.executeMulti(TestNGDirectoryTestSuite.java:159)
	at org.apache.maven.surefire.testng.TestNGDirectoryTestSuite.execute(TestNGDirectoryTestSuite.java:99)
	at org.apache.maven.surefire.testng.TestNGProvider.invoke(TestNGProvider.java:106)
	at sun.reflect.NativeMethodAccessorImpl.invoke0(Native Method)
	at sun.reflect.NativeMethodAccessorImpl.invoke(NativeMethodAccessorImpl.java:62)
	at sun.reflect.DelegatingMethodAccessorImpl.invoke(DelegatingMethodAccessorImpl.java:43)
	at java.lang.reflect.Method.invoke(Method.java:498)
	at org.apache.maven.surefire.util.ReflectionUtils.invokeMethodWithArray(ReflectionUtils.java:189)
	at org.apache.maven.surefire.booter.ProviderFactory$ProviderProxy.invoke(ProviderFactory.java:165)
	at org.apache.maven.surefire.booter.ProviderFactory.invokeProvider(ProviderFactory.java:85)
	at org.apache.maven.surefire.booter.ForkedBooter.runSuitesInProcess(ForkedBooter.java:115)
	at org.apache.maven.surefire.booter.ForkedBooter.main(ForkedBooter.java:75)
</pre></div></td>
<td>0</td>
<td>com.avnet.emasia.webquote.vo.RfqItemVOTest@34b7bfc0</td></tr>
<tr>
<td title='com.avnet.emasia.webquote.vo.RfqItemVOTest.matchAQConditionsTest2()'><b>matchAQConditionsTest2</b><br>Test class: com.avnet.emasia.webquote.vo.RfqItemVOTest</td>
<td><div><pre>java.lang.AssertionError: expected [true] but found [false]
	at com.avnet.emasia.webquote.vo.RfqItemVOTest.matchAQConditionsTest2(RfqItemVOTest.java:56)
	at org.apache.maven.surefire.testng.TestNGExecutor.run(TestNGExecutor.java:77)
	at org.apache.maven.surefire.testng.TestNGDirectoryTestSuite.executeMulti(TestNGDirectoryTestSuite.java:159)
	at org.apache.maven.surefire.testng.TestNGDirectoryTestSuite.execute(TestNGDirectoryTestSuite.java:99)
	at org.apache.maven.surefire.testng.TestNGProvider.invoke(TestNGProvider.java:106)
	at org.apache.maven.surefire.util.ReflectionUtils.invokeMethodWithArray(ReflectionUtils.java:189)
	at org.apache.maven.surefire.booter.ProviderFactory$ProviderProxy.invoke(ProviderFactory.java:165)
	at org.apache.maven.surefire.booter.ProviderFactory.invokeProvider(ProviderFactory.java:85)
	at org.apache.maven.surefire.booter.ForkedBooter.runSuitesInProcess(ForkedBooter.java:115)
	at org.apache.maven.surefire.booter.ForkedBooter.main(ForkedBooter.java:75)
... Removed 29 stack frames</pre></div><a href='#' onClick='toggleBox("stack-trace410495873", this, "Click to show all stack frames", "Click to hide stack frames")'>Click to show all stack frames</a>
<div class='stack-trace' id='stack-trace410495873'><pre>java.lang.AssertionError: expected [true] but found [false]
	at org.testng.Assert.fail(Assert.java:94)
	at org.testng.Assert.failNotEquals(Assert.java:494)
	at org.testng.Assert.assertTrue(Assert.java:42)
	at org.testng.Assert.assertTrue(Assert.java:52)
	at com.avnet.emasia.webquote.vo.RfqItemVOTest.matchAQConditionsTest2(RfqItemVOTest.java:56)
	at sun.reflect.NativeMethodAccessorImpl.invoke0(Native Method)
	at sun.reflect.NativeMethodAccessorImpl.invoke(NativeMethodAccessorImpl.java:62)
	at sun.reflect.DelegatingMethodAccessorImpl.invoke(DelegatingMethodAccessorImpl.java:43)
	at java.lang.reflect.Method.invoke(Method.java:498)
	at org.testng.internal.MethodInvocationHelper.invokeMethod(MethodInvocationHelper.java:80)
	at org.testng.internal.Invoker.invokeMethod(Invoker.java:714)
	at org.testng.internal.Invoker.invokeTestMethod(Invoker.java:901)
	at org.testng.internal.Invoker.invokeTestMethods(Invoker.java:1231)
	at org.testng.internal.TestMethodWorker.invokeTestMethods(TestMethodWorker.java:127)
	at org.testng.internal.TestMethodWorker.run(TestMethodWorker.java:111)
	at org.testng.TestRunner.privateRun(TestRunner.java:767)
	at org.testng.TestRunner.run(TestRunner.java:617)
	at org.testng.SuiteRunner.runTest(SuiteRunner.java:334)
	at org.testng.SuiteRunner.runSequentially(SuiteRunner.java:329)
	at org.testng.SuiteRunner.privateRun(SuiteRunner.java:291)
	at org.testng.SuiteRunner.run(SuiteRunner.java:240)
	at org.testng.SuiteRunnerWorker.runSuite(SuiteRunnerWorker.java:52)
	at org.testng.SuiteRunnerWorker.run(SuiteRunnerWorker.java:86)
	at org.testng.TestNG.runSuitesSequentially(TestNG.java:1198)
	at org.testng.TestNG.runSuitesLocally(TestNG.java:1123)
	at org.testng.TestNG.run(TestNG.java:1031)
	at org.apache.maven.surefire.testng.TestNGExecutor.run(TestNGExecutor.java:77)
	at org.apache.maven.surefire.testng.TestNGDirectoryTestSuite.executeMulti(TestNGDirectoryTestSuite.java:159)
	at org.apache.maven.surefire.testng.TestNGDirectoryTestSuite.execute(TestNGDirectoryTestSuite.java:99)
	at org.apache.maven.surefire.testng.TestNGProvider.invoke(TestNGProvider.java:106)
	at sun.reflect.NativeMethodAccessorImpl.invoke0(Native Method)
	at sun.reflect.NativeMethodAccessorImpl.invoke(NativeMethodAccessorImpl.java:62)
	at sun.reflect.DelegatingMethodAccessorImpl.invoke(DelegatingMethodAccessorImpl.java:43)
	at java.lang.reflect.Method.invoke(Method.java:498)
	at org.apache.maven.surefire.util.ReflectionUtils.invokeMethodWithArray(ReflectionUtils.java:189)
	at org.apache.maven.surefire.booter.ProviderFactory$ProviderProxy.invoke(ProviderFactory.java:165)
	at org.apache.maven.surefire.booter.ProviderFactory.invokeProvider(ProviderFactory.java:85)
	at org.apache.maven.surefire.booter.ForkedBooter.runSuitesInProcess(ForkedBooter.java:115)
	at org.apache.maven.surefire.booter.ForkedBooter.main(ForkedBooter.java:75)
</pre></div></td>
<td>0</td>
<td>com.avnet.emasia.webquote.vo.RfqItemVOTest@34b7bfc0</td></tr>
<tr>
<td title='com.avnet.emasia.webquote.vo.RfqItemVOTest.matchAQConditionsTest5()'><b>matchAQConditionsTest5</b><br>Test class: com.avnet.emasia.webquote.vo.RfqItemVOTest</td>
<td><div><pre>java.lang.AssertionError: expected [true] but found [false]
	at com.avnet.emasia.webquote.vo.RfqItemVOTest.matchAQConditionsTest5(RfqItemVOTest.java:77)
	at org.apache.maven.surefire.testng.TestNGExecutor.run(TestNGExecutor.java:77)
	at org.apache.maven.surefire.testng.TestNGDirectoryTestSuite.executeMulti(TestNGDirectoryTestSuite.java:159)
	at org.apache.maven.surefire.testng.TestNGDirectoryTestSuite.execute(TestNGDirectoryTestSuite.java:99)
	at org.apache.maven.surefire.testng.TestNGProvider.invoke(TestNGProvider.java:106)
	at org.apache.maven.surefire.util.ReflectionUtils.invokeMethodWithArray(ReflectionUtils.java:189)
	at org.apache.maven.surefire.booter.ProviderFactory$ProviderProxy.invoke(ProviderFactory.java:165)
	at org.apache.maven.surefire.booter.ProviderFactory.invokeProvider(ProviderFactory.java:85)
	at org.apache.maven.surefire.booter.ForkedBooter.runSuitesInProcess(ForkedBooter.java:115)
	at org.apache.maven.surefire.booter.ForkedBooter.main(ForkedBooter.java:75)
... Removed 29 stack frames</pre></div><a href='#' onClick='toggleBox("stack-trace1384722895", this, "Click to show all stack frames", "Click to hide stack frames")'>Click to show all stack frames</a>
<div class='stack-trace' id='stack-trace1384722895'><pre>java.lang.AssertionError: expected [true] but found [false]
	at org.testng.Assert.fail(Assert.java:94)
	at org.testng.Assert.failNotEquals(Assert.java:494)
	at org.testng.Assert.assertTrue(Assert.java:42)
	at org.testng.Assert.assertTrue(Assert.java:52)
	at com.avnet.emasia.webquote.vo.RfqItemVOTest.matchAQConditionsTest5(RfqItemVOTest.java:77)
	at sun.reflect.NativeMethodAccessorImpl.invoke0(Native Method)
	at sun.reflect.NativeMethodAccessorImpl.invoke(NativeMethodAccessorImpl.java:62)
	at sun.reflect.DelegatingMethodAccessorImpl.invoke(DelegatingMethodAccessorImpl.java:43)
	at java.lang.reflect.Method.invoke(Method.java:498)
	at org.testng.internal.MethodInvocationHelper.invokeMethod(MethodInvocationHelper.java:80)
	at org.testng.internal.Invoker.invokeMethod(Invoker.java:714)
	at org.testng.internal.Invoker.invokeTestMethod(Invoker.java:901)
	at org.testng.internal.Invoker.invokeTestMethods(Invoker.java:1231)
	at org.testng.internal.TestMethodWorker.invokeTestMethods(TestMethodWorker.java:127)
	at org.testng.internal.TestMethodWorker.run(TestMethodWorker.java:111)
	at org.testng.TestRunner.privateRun(TestRunner.java:767)
	at org.testng.TestRunner.run(TestRunner.java:617)
	at org.testng.SuiteRunner.runTest(SuiteRunner.java:334)
	at org.testng.SuiteRunner.runSequentially(SuiteRunner.java:329)
	at org.testng.SuiteRunner.privateRun(SuiteRunner.java:291)
	at org.testng.SuiteRunner.run(SuiteRunner.java:240)
	at org.testng.SuiteRunnerWorker.runSuite(SuiteRunnerWorker.java:52)
	at org.testng.SuiteRunnerWorker.run(SuiteRunnerWorker.java:86)
	at org.testng.TestNG.runSuitesSequentially(TestNG.java:1198)
	at org.testng.TestNG.runSuitesLocally(TestNG.java:1123)
	at org.testng.TestNG.run(TestNG.java:1031)
	at org.apache.maven.surefire.testng.TestNGExecutor.run(TestNGExecutor.java:77)
	at org.apache.maven.surefire.testng.TestNGDirectoryTestSuite.executeMulti(TestNGDirectoryTestSuite.java:159)
	at org.apache.maven.surefire.testng.TestNGDirectoryTestSuite.execute(TestNGDirectoryTestSuite.java:99)
	at org.apache.maven.surefire.testng.TestNGProvider.invoke(TestNGProvider.java:106)
	at sun.reflect.NativeMethodAccessorImpl.invoke0(Native Method)
	at sun.reflect.NativeMethodAccessorImpl.invoke(NativeMethodAccessorImpl.java:62)
	at sun.reflect.DelegatingMethodAccessorImpl.invoke(DelegatingMethodAccessorImpl.java:43)
	at java.lang.reflect.Method.invoke(Method.java:498)
	at org.apache.maven.surefire.util.ReflectionUtils.invokeMethodWithArray(ReflectionUtils.java:189)
	at org.apache.maven.surefire.booter.ProviderFactory$ProviderProxy.invoke(ProviderFactory.java:165)
	at org.apache.maven.surefire.booter.ProviderFactory.invokeProvider(ProviderFactory.java:85)
	at org.apache.maven.surefire.booter.ForkedBooter.runSuitesInProcess(ForkedBooter.java:115)
	at org.apache.maven.surefire.booter.ForkedBooter.main(ForkedBooter.java:75)
</pre></div></td>
<td>0</td>
<td>com.avnet.emasia.webquote.vo.RfqItemVOTest@34b7bfc0</td></tr>
<tr>
<td title='com.avnet.emasia.webquote.vo.RfqItemVOTest.matchAQConditionsTest7()'><b>matchAQConditionsTest7</b><br>Test class: com.avnet.emasia.webquote.vo.RfqItemVOTest</td>
<td><div><pre>java.lang.AssertionError: expected [true] but found [false]
	at com.avnet.emasia.webquote.vo.RfqItemVOTest.matchAQConditionsTest7(RfqItemVOTest.java:91)
	at org.apache.maven.surefire.testng.TestNGExecutor.run(TestNGExecutor.java:77)
	at org.apache.maven.surefire.testng.TestNGDirectoryTestSuite.executeMulti(TestNGDirectoryTestSuite.java:159)
	at org.apache.maven.surefire.testng.TestNGDirectoryTestSuite.execute(TestNGDirectoryTestSuite.java:99)
	at org.apache.maven.surefire.testng.TestNGProvider.invoke(TestNGProvider.java:106)
	at org.apache.maven.surefire.util.ReflectionUtils.invokeMethodWithArray(ReflectionUtils.java:189)
	at org.apache.maven.surefire.booter.ProviderFactory$ProviderProxy.invoke(ProviderFactory.java:165)
	at org.apache.maven.surefire.booter.ProviderFactory.invokeProvider(ProviderFactory.java:85)
	at org.apache.maven.surefire.booter.ForkedBooter.runSuitesInProcess(ForkedBooter.java:115)
	at org.apache.maven.surefire.booter.ForkedBooter.main(ForkedBooter.java:75)
... Removed 29 stack frames</pre></div><a href='#' onClick='toggleBox("stack-trace868737467", this, "Click to show all stack frames", "Click to hide stack frames")'>Click to show all stack frames</a>
<div class='stack-trace' id='stack-trace868737467'><pre>java.lang.AssertionError: expected [true] but found [false]
	at org.testng.Assert.fail(Assert.java:94)
	at org.testng.Assert.failNotEquals(Assert.java:494)
	at org.testng.Assert.assertTrue(Assert.java:42)
	at org.testng.Assert.assertTrue(Assert.java:52)
	at com.avnet.emasia.webquote.vo.RfqItemVOTest.matchAQConditionsTest7(RfqItemVOTest.java:91)
	at sun.reflect.NativeMethodAccessorImpl.invoke0(Native Method)
	at sun.reflect.NativeMethodAccessorImpl.invoke(NativeMethodAccessorImpl.java:62)
	at sun.reflect.DelegatingMethodAccessorImpl.invoke(DelegatingMethodAccessorImpl.java:43)
	at java.lang.reflect.Method.invoke(Method.java:498)
	at org.testng.internal.MethodInvocationHelper.invokeMethod(MethodInvocationHelper.java:80)
	at org.testng.internal.Invoker.invokeMethod(Invoker.java:714)
	at org.testng.internal.Invoker.invokeTestMethod(Invoker.java:901)
	at org.testng.internal.Invoker.invokeTestMethods(Invoker.java:1231)
	at org.testng.internal.TestMethodWorker.invokeTestMethods(TestMethodWorker.java:127)
	at org.testng.internal.TestMethodWorker.run(TestMethodWorker.java:111)
	at org.testng.TestRunner.privateRun(TestRunner.java:767)
	at org.testng.TestRunner.run(TestRunner.java:617)
	at org.testng.SuiteRunner.runTest(SuiteRunner.java:334)
	at org.testng.SuiteRunner.runSequentially(SuiteRunner.java:329)
	at org.testng.SuiteRunner.privateRun(SuiteRunner.java:291)
	at org.testng.SuiteRunner.run(SuiteRunner.java:240)
	at org.testng.SuiteRunnerWorker.runSuite(SuiteRunnerWorker.java:52)
	at org.testng.SuiteRunnerWorker.run(SuiteRunnerWorker.java:86)
	at org.testng.TestNG.runSuitesSequentially(TestNG.java:1198)
	at org.testng.TestNG.runSuitesLocally(TestNG.java:1123)
	at org.testng.TestNG.run(TestNG.java:1031)
	at org.apache.maven.surefire.testng.TestNGExecutor.run(TestNGExecutor.java:77)
	at org.apache.maven.surefire.testng.TestNGDirectoryTestSuite.executeMulti(TestNGDirectoryTestSuite.java:159)
	at org.apache.maven.surefire.testng.TestNGDirectoryTestSuite.execute(TestNGDirectoryTestSuite.java:99)
	at org.apache.maven.surefire.testng.TestNGProvider.invoke(TestNGProvider.java:106)
	at sun.reflect.NativeMethodAccessorImpl.invoke0(Native Method)
	at sun.reflect.NativeMethodAccessorImpl.invoke(NativeMethodAccessorImpl.java:62)
	at sun.reflect.DelegatingMethodAccessorImpl.invoke(DelegatingMethodAccessorImpl.java:43)
	at java.lang.reflect.Method.invoke(Method.java:498)
	at org.apache.maven.surefire.util.ReflectionUtils.invokeMethodWithArray(ReflectionUtils.java:189)
	at org.apache.maven.surefire.booter.ProviderFactory$ProviderProxy.invoke(ProviderFactory.java:165)
	at org.apache.maven.surefire.booter.ProviderFactory.invokeProvider(ProviderFactory.java:85)
	at org.apache.maven.surefire.booter.ForkedBooter.runSuitesInProcess(ForkedBooter.java:115)
	at org.apache.maven.surefire.booter.ForkedBooter.main(ForkedBooter.java:75)
</pre></div></td>
<td>0</td>
<td>com.avnet.emasia.webquote.vo.RfqItemVOTest@34b7bfc0</td></tr>
<tr>
<td title='com.avnet.emasia.webquote.vo.RfqItemVOTest.matchAQConditionsTest8()'><b>matchAQConditionsTest8</b><br>Test class: com.avnet.emasia.webquote.vo.RfqItemVOTest</td>
<td><div><pre>java.lang.AssertionError: expected [true] but found [false]
	at com.avnet.emasia.webquote.vo.RfqItemVOTest.matchAQConditionsTest8(RfqItemVOTest.java:100)
	at org.apache.maven.surefire.testng.TestNGExecutor.run(TestNGExecutor.java:77)
	at org.apache.maven.surefire.testng.TestNGDirectoryTestSuite.executeMulti(TestNGDirectoryTestSuite.java:159)
	at org.apache.maven.surefire.testng.TestNGDirectoryTestSuite.execute(TestNGDirectoryTestSuite.java:99)
	at org.apache.maven.surefire.testng.TestNGProvider.invoke(TestNGProvider.java:106)
	at org.apache.maven.surefire.util.ReflectionUtils.invokeMethodWithArray(ReflectionUtils.java:189)
	at org.apache.maven.surefire.booter.ProviderFactory$ProviderProxy.invoke(ProviderFactory.java:165)
	at org.apache.maven.surefire.booter.ProviderFactory.invokeProvider(ProviderFactory.java:85)
	at org.apache.maven.surefire.booter.ForkedBooter.runSuitesInProcess(ForkedBooter.java:115)
	at org.apache.maven.surefire.booter.ForkedBooter.main(ForkedBooter.java:75)
... Removed 29 stack frames</pre></div><a href='#' onClick='toggleBox("stack-trace2054574951", this, "Click to show all stack frames", "Click to hide stack frames")'>Click to show all stack frames</a>
<div class='stack-trace' id='stack-trace2054574951'><pre>java.lang.AssertionError: expected [true] but found [false]
	at org.testng.Assert.fail(Assert.java:94)
	at org.testng.Assert.failNotEquals(Assert.java:494)
	at org.testng.Assert.assertTrue(Assert.java:42)
	at org.testng.Assert.assertTrue(Assert.java:52)
	at com.avnet.emasia.webquote.vo.RfqItemVOTest.matchAQConditionsTest8(RfqItemVOTest.java:100)
	at sun.reflect.NativeMethodAccessorImpl.invoke0(Native Method)
	at sun.reflect.NativeMethodAccessorImpl.invoke(NativeMethodAccessorImpl.java:62)
	at sun.reflect.DelegatingMethodAccessorImpl.invoke(DelegatingMethodAccessorImpl.java:43)
	at java.lang.reflect.Method.invoke(Method.java:498)
	at org.testng.internal.MethodInvocationHelper.invokeMethod(MethodInvocationHelper.java:80)
	at org.testng.internal.Invoker.invokeMethod(Invoker.java:714)
	at org.testng.internal.Invoker.invokeTestMethod(Invoker.java:901)
	at org.testng.internal.Invoker.invokeTestMethods(Invoker.java:1231)
	at org.testng.internal.TestMethodWorker.invokeTestMethods(TestMethodWorker.java:127)
	at org.testng.internal.TestMethodWorker.run(TestMethodWorker.java:111)
	at org.testng.TestRunner.privateRun(TestRunner.java:767)
	at org.testng.TestRunner.run(TestRunner.java:617)
	at org.testng.SuiteRunner.runTest(SuiteRunner.java:334)
	at org.testng.SuiteRunner.runSequentially(SuiteRunner.java:329)
	at org.testng.SuiteRunner.privateRun(SuiteRunner.java:291)
	at org.testng.SuiteRunner.run(SuiteRunner.java:240)
	at org.testng.SuiteRunnerWorker.runSuite(SuiteRunnerWorker.java:52)
	at org.testng.SuiteRunnerWorker.run(SuiteRunnerWorker.java:86)
	at org.testng.TestNG.runSuitesSequentially(TestNG.java:1198)
	at org.testng.TestNG.runSuitesLocally(TestNG.java:1123)
	at org.testng.TestNG.run(TestNG.java:1031)
	at org.apache.maven.surefire.testng.TestNGExecutor.run(TestNGExecutor.java:77)
	at org.apache.maven.surefire.testng.TestNGDirectoryTestSuite.executeMulti(TestNGDirectoryTestSuite.java:159)
	at org.apache.maven.surefire.testng.TestNGDirectoryTestSuite.execute(TestNGDirectoryTestSuite.java:99)
	at org.apache.maven.surefire.testng.TestNGProvider.invoke(TestNGProvider.java:106)
	at sun.reflect.NativeMethodAccessorImpl.invoke0(Native Method)
	at sun.reflect.NativeMethodAccessorImpl.invoke(NativeMethodAccessorImpl.java:62)
	at sun.reflect.DelegatingMethodAccessorImpl.invoke(DelegatingMethodAccessorImpl.java:43)
	at java.lang.reflect.Method.invoke(Method.java:498)
	at org.apache.maven.surefire.util.ReflectionUtils.invokeMethodWithArray(ReflectionUtils.java:189)
	at org.apache.maven.surefire.booter.ProviderFactory$ProviderProxy.invoke(ProviderFactory.java:165)
	at org.apache.maven.surefire.booter.ProviderFactory.invokeProvider(ProviderFactory.java:85)
	at org.apache.maven.surefire.booter.ForkedBooter.runSuitesInProcess(ForkedBooter.java:115)
	at org.apache.maven.surefire.booter.ForkedBooter.main(ForkedBooter.java:75)
</pre></div></td>
<td>0</td>
<td>com.avnet.emasia.webquote.vo.RfqItemVOTest@34b7bfc0</td></tr>
</table><p>
<table width='100%' border='1' class='invocation-passed'>
<tr><td colspan='4' align='center'><b>PASSED TESTS</b></td></tr>
<tr><td><b>Test method</b></td>
<td width="30%"><b>Exception</b></td>
<td width="10%"><b>Time (seconds)</b></td>
<td><b>Instance</b></td>
</tr>
<tr>
<td title='com.avnet.emasia.webquote.entity.CostIndicatorTest.applyTest1()'><b>applyTest1</b><br>Test class: com.avnet.emasia.webquote.entity.CostIndicatorTest</td>
<td></td>
<td>0</td>
<td>com.avnet.emasia.webquote.entity.CostIndicatorTest@54a097cc</td></tr>
<tr>
<td title='com.avnet.emasia.webquote.entity.CostIndicatorTest.applyTest2()'><b>applyTest2</b><br>Test class: com.avnet.emasia.webquote.entity.CostIndicatorTest</td>
<td></td>
<td>0</td>
<td>com.avnet.emasia.webquote.entity.CostIndicatorTest@54a097cc</td></tr>
<tr>
<td title='com.avnet.emasia.webquote.entity.QtyCalTest.calMoqTest3()'><b>calMoqTest3</b><br>Test class: com.avnet.emasia.webquote.entity.QtyCalTest</td>
<td></td>
<td>0</td>
<td>com.avnet.emasia.webquote.entity.QtyCalTest@3551a94</td></tr>
<tr>
<td title='com.avnet.emasia.webquote.entity.PricerTest.calPmoqTest0()'><b>calPmoqTest0</b><br>Test class: com.avnet.emasia.webquote.entity.PricerTest</td>
<td></td>
<td>0</td>
<td>com.avnet.emasia.webquote.entity.PricerTest@5a61f5df</td></tr>
<tr>
<td title='com.avnet.emasia.webquote.entity.PricerTest.calPmoqTest1()'><b>calPmoqTest1</b><br>Test class: com.avnet.emasia.webquote.entity.PricerTest</td>
<td></td>
<td>0</td>
<td>com.avnet.emasia.webquote.entity.PricerTest@5a61f5df</td></tr>
<tr>
<td title='com.avnet.emasia.webquote.entity.PricerTest.calPmoqTest2()'><b>calPmoqTest2</b><br>Test class: com.avnet.emasia.webquote.entity.PricerTest</td>
<td></td>
<td>0</td>
<td>com.avnet.emasia.webquote.entity.PricerTest@5a61f5df</td></tr>
<tr>
<td title='com.avnet.emasia.webquote.entity.PricerTest.calPmoqTest3()'><b>calPmoqTest3</b><br>Test class: com.avnet.emasia.webquote.entity.PricerTest</td>
<td></td>
<td>0</td>
<td>com.avnet.emasia.webquote.entity.PricerTest@5a61f5df</td></tr>
<tr>
<td title='com.avnet.emasia.webquote.entity.PricerTest.calPmoqTest4()'><b>calPmoqTest4</b><br>Test class: com.avnet.emasia.webquote.entity.PricerTest</td>
<td></td>
<td>0</td>
<td>com.avnet.emasia.webquote.entity.PricerTest@5a61f5df</td></tr>
<tr>
<td title='com.avnet.emasia.webquote.entity.PricerTest.calPriceValidityDateTest1()'><b>calPriceValidityDateTest1</b><br>Test class: com.avnet.emasia.webquote.entity.PricerTest</td>
<td></td>
<td>0</td>
<td>com.avnet.emasia.webquote.entity.PricerTest@5a61f5df</td></tr>
<tr>
<td title='com.avnet.emasia.webquote.entity.PricerTest.calPriceValidityDateTest2()'><b>calPriceValidityDateTest2</b><br>Test class: com.avnet.emasia.webquote.entity.PricerTest</td>
<td></td>
<td>0</td>
<td>com.avnet.emasia.webquote.entity.PricerTest@5a61f5df</td></tr>
<tr>
<td title='com.avnet.emasia.webquote.entity.QtyBreakPricerTest.calQtyBreakRangeTest()'><b>calQtyBreakRangeTest</b><br>Test class: com.avnet.emasia.webquote.entity.QtyBreakPricerTest</td>
<td></td>
<td>0</td>
<td>com.avnet.emasia.webquote.entity.QtyBreakPricerTest@366e2eef</td></tr>
<tr>
<td title='com.avnet.emasia.webquote.entity.QtyBreakPricerTest.calQtyBreakRangeTest2()'><b>calQtyBreakRangeTest2</b><br>Test class: com.avnet.emasia.webquote.entity.QtyBreakPricerTest</td>
<td></td>
<td>0</td>
<td>com.avnet.emasia.webquote.entity.QtyBreakPricerTest@366e2eef</td></tr>
<tr>
<td title='com.avnet.emasia.webquote.entity.QtyCalTest.calQtyIndicatorTest()'><b>calQtyIndicatorTest</b><br>Test class: com.avnet.emasia.webquote.entity.QtyCalTest</td>
<td></td>
<td>0</td>
<td>com.avnet.emasia.webquote.entity.QtyCalTest@3551a94</td></tr>
<tr>
<td title='com.avnet.emasia.webquote.entity.QtyCalTest.calQtyIndicatorTest2()'><b>calQtyIndicatorTest2</b><br>Test class: com.avnet.emasia.webquote.entity.QtyCalTest</td>
<td></td>
<td>0</td>
<td>com.avnet.emasia.webquote.entity.QtyCalTest@3551a94</td></tr>
<tr>
<td title='com.avnet.emasia.webquote.entity.QtyCalTest.calQtyIndicatorTest6()'><b>calQtyIndicatorTest6</b><br>Test class: com.avnet.emasia.webquote.entity.QtyCalTest</td>
<td></td>
<td>0</td>
<td>com.avnet.emasia.webquote.entity.QtyCalTest@3551a94</td></tr>
<tr>
<td title='com.avnet.emasia.webquote.entity.QtyCalTest.calQuotedQtyTest1()'><b>calQuotedQtyTest1</b><br>Test class: com.avnet.emasia.webquote.entity.QtyCalTest</td>
<td></td>
<td>0</td>
<td>com.avnet.emasia.webquote.entity.QtyCalTest@3551a94</td></tr>
<tr>
<td title='com.avnet.emasia.webquote.entity.QtyCalTest.calQuotedQtyTest11()'><b>calQuotedQtyTest11</b><br>Test class: com.avnet.emasia.webquote.entity.QtyCalTest</td>
<td></td>
<td>0</td>
<td>com.avnet.emasia.webquote.entity.QtyCalTest@3551a94</td></tr>
<tr>
<td title='com.avnet.emasia.webquote.entity.QtyCalTest.calQuotedQtyTest12()'><b>calQuotedQtyTest12</b><br>Test class: com.avnet.emasia.webquote.entity.QtyCalTest</td>
<td></td>
<td>0</td>
<td>com.avnet.emasia.webquote.entity.QtyCalTest@3551a94</td></tr>
<tr>
<td title='com.avnet.emasia.webquote.entity.QtyCalTest.calQuotedQtyTest2()'><b>calQuotedQtyTest2</b><br>Test class: com.avnet.emasia.webquote.entity.QtyCalTest</td>
<td></td>
<td>0</td>
<td>com.avnet.emasia.webquote.entity.QtyCalTest@3551a94</td></tr>
<tr>
<td title='com.avnet.emasia.webquote.entity.QtyCalTest.calQuotedQtyTest21()'><b>calQuotedQtyTest21</b><br>Test class: com.avnet.emasia.webquote.entity.QtyCalTest</td>
<td></td>
<td>0</td>
<td>com.avnet.emasia.webquote.entity.QtyCalTest@3551a94</td></tr>
<tr>
<td title='com.avnet.emasia.webquote.entity.QtyCalTest.calQuotedQtyTest22()'><b>calQuotedQtyTest22</b><br>Test class: com.avnet.emasia.webquote.entity.QtyCalTest</td>
<td></td>
<td>0</td>
<td>com.avnet.emasia.webquote.entity.QtyCalTest@3551a94</td></tr>
<tr>
<td title='com.avnet.emasia.webquote.entity.QtyCalTest.calQuotedQtyTest23()'><b>calQuotedQtyTest23</b><br>Test class: com.avnet.emasia.webquote.entity.QtyCalTest</td>
<td></td>
<td>0</td>
<td>com.avnet.emasia.webquote.entity.QtyCalTest@3551a94</td></tr>
<tr>
<td title='com.avnet.emasia.webquote.entity.QtyCalTest.calQuotedQtyTest24()'><b>calQuotedQtyTest24</b><br>Test class: com.avnet.emasia.webquote.entity.QtyCalTest</td>
<td></td>
<td>0</td>
<td>com.avnet.emasia.webquote.entity.QtyCalTest@3551a94</td></tr>
<tr>
<td title='com.avnet.emasia.webquote.entity.QtyCalTest.calQuotedQtyTest3()'><b>calQuotedQtyTest3</b><br>Test class: com.avnet.emasia.webquote.entity.QtyCalTest</td>
<td></td>
<td>0</td>
<td>com.avnet.emasia.webquote.entity.QtyCalTest@3551a94</td></tr>
<tr>
<td title='com.avnet.emasia.webquote.entity.MaterialRegionalTest.fillInPricerTest()'><b>fillInPricerTest</b><br>Test class: com.avnet.emasia.webquote.entity.MaterialRegionalTest</td>
<td></td>
<td>0</td>
<td>com.avnet.emasia.webquote.entity.MaterialRegionalTest@6df97b55</td></tr>
<tr>
<td title='com.avnet.emasia.webquote.entity.ManufacturerDetailTest.fillInTest()'><b>fillInTest</b><br>Test class: com.avnet.emasia.webquote.entity.ManufacturerDetailTest</td>
<td></td>
<td>0</td>
<td>com.avnet.emasia.webquote.entity.ManufacturerDetailTest@52af6cff</td></tr>
<tr>
<td title='com.avnet.emasia.webquote.entity.BizUnitTest.findMaterial()'><b>findMaterial</b><br>Test class: com.avnet.emasia.webquote.entity.BizUnitTest</td>
<td></td>
<td>0</td>
<td>com.avnet.emasia.webquote.entity.BizUnitTest@7225790e</td></tr>
<tr>
<td title='com.avnet.emasia.webquote.entity.MaterialTest.getCandidatePricersForAQTest1()'><b>getCandidatePricersForAQTest1</b><br>Test class: com.avnet.emasia.webquote.entity.MaterialTest</td>
<td></td>
<td>0</td>
<td>com.avnet.emasia.webquote.entity.MaterialTest@531be3c5</td></tr>
<tr>
<td title='com.avnet.emasia.webquote.entity.MaterialTest.getCandidatePricersForAQTest10()'><b>getCandidatePricersForAQTest10</b><br>Test class: com.avnet.emasia.webquote.entity.MaterialTest</td>
<td></td>
<td>0</td>
<td>com.avnet.emasia.webquote.entity.MaterialTest@531be3c5</td></tr>
<tr>
<td title='com.avnet.emasia.webquote.entity.MaterialTest.getCandidatePricersForAQTest2()'><b>getCandidatePricersForAQTest2</b><br>Test class: com.avnet.emasia.webquote.entity.MaterialTest</td>
<td></td>
<td>0</td>
<td>com.avnet.emasia.webquote.entity.MaterialTest@531be3c5</td></tr>
<tr>
<td title='com.avnet.emasia.webquote.entity.MaterialTest.getCandidatePricersForAQTest3()'><b>getCandidatePricersForAQTest3</b><br>Test class: com.avnet.emasia.webquote.entity.MaterialTest</td>
<td></td>
<td>0</td>
<td>com.avnet.emasia.webquote.entity.MaterialTest@531be3c5</td></tr>
<tr>
<td title='com.avnet.emasia.webquote.entity.MaterialTest.getCandidatePricersForAQTest4()'><b>getCandidatePricersForAQTest4</b><br>Test class: com.avnet.emasia.webquote.entity.MaterialTest</td>
<td></td>
<td>0</td>
<td>com.avnet.emasia.webquote.entity.MaterialTest@531be3c5</td></tr>
<tr>
<td title='com.avnet.emasia.webquote.entity.MaterialTest.getCandidatePricersForAQTest5()'><b>getCandidatePricersForAQTest5</b><br>Test class: com.avnet.emasia.webquote.entity.MaterialTest</td>
<td></td>
<td>0</td>
<td>com.avnet.emasia.webquote.entity.MaterialTest@531be3c5</td></tr>
<tr>
<td title='com.avnet.emasia.webquote.entity.MaterialTest.getCandidatePricersForAQTest6()'><b>getCandidatePricersForAQTest6</b><br>Test class: com.avnet.emasia.webquote.entity.MaterialTest</td>
<td></td>
<td>0</td>
<td>com.avnet.emasia.webquote.entity.MaterialTest@531be3c5</td></tr>
<tr>
<td title='com.avnet.emasia.webquote.entity.MaterialTest.getCandidatePricersForAQTest7()'><b>getCandidatePricersForAQTest7</b><br>Test class: com.avnet.emasia.webquote.entity.MaterialTest</td>
<td></td>
<td>0</td>
<td>com.avnet.emasia.webquote.entity.MaterialTest@531be3c5</td></tr>
<tr>
<td title='com.avnet.emasia.webquote.entity.MaterialTest.getCandidatePricersForAQTest8()'><b>getCandidatePricersForAQTest8</b><br>Test class: com.avnet.emasia.webquote.entity.MaterialTest</td>
<td></td>
<td>0</td>
<td>com.avnet.emasia.webquote.entity.MaterialTest@531be3c5</td></tr>
<tr>
<td title='com.avnet.emasia.webquote.entity.MaterialTest.getCandidatePricersForAQTest9()'><b>getCandidatePricersForAQTest9</b><br>Test class: com.avnet.emasia.webquote.entity.MaterialTest</td>
<td></td>
<td>0</td>
<td>com.avnet.emasia.webquote.entity.MaterialTest@531be3c5</td></tr>
<tr>
<td title='com.avnet.emasia.webquote.entity.ManufacturerTest.getManufacturerDetailTest()'><b>getManufacturerDetailTest</b><br>Test class: com.avnet.emasia.webquote.entity.ManufacturerTest</td>
<td></td>
<td>0</td>
<td>com.avnet.emasia.webquote.entity.ManufacturerTest@36f6e879</td></tr>
<tr>
<td title='com.avnet.emasia.webquote.entity.MaterialRegionalTest.getManufacturerDetailTest()'><b>getManufacturerDetailTest</b><br>Test class: com.avnet.emasia.webquote.entity.MaterialRegionalTest</td>
<td></td>
<td>0</td>
<td>com.avnet.emasia.webquote.entity.MaterialRegionalTest@6df97b55</td></tr>
<tr>
<td title='com.avnet.emasia.webquote.entity.MaterialRegionalTest.getManufacturerDetailTest2()'><b>getManufacturerDetailTest2</b><br>Test class: com.avnet.emasia.webquote.entity.MaterialRegionalTest</td>
<td></td>
<td>0</td>
<td>com.avnet.emasia.webquote.entity.MaterialRegionalTest@6df97b55</td></tr>
<tr>
<td title='com.avnet.emasia.webquote.entity.MaterialRegionalTest.getMaterialRegaionalTest()'><b>getMaterialRegaionalTest</b><br>Test class: com.avnet.emasia.webquote.entity.MaterialRegionalTest</td>
<td></td>
<td>0</td>
<td>com.avnet.emasia.webquote.entity.MaterialRegionalTest@6df97b55</td></tr>
<tr>
<td title='com.avnet.emasia.webquote.entity.MaterialTest.getMaterialRegaionalTest()'><b>getMaterialRegaionalTest</b><br>Test class: com.avnet.emasia.webquote.entity.MaterialTest</td>
<td></td>
<td>0</td>
<td>com.avnet.emasia.webquote.entity.MaterialTest@531be3c5</td></tr>
<tr>
<td title='com.avnet.emasia.webquote.entity.MaterialRegionalTest.getMaterialRegaionalTest2()'><b>getMaterialRegaionalTest2</b><br>Test class: com.avnet.emasia.webquote.entity.MaterialRegionalTest</td>
<td></td>
<td>0</td>
<td>com.avnet.emasia.webquote.entity.MaterialRegionalTest@6df97b55</td></tr>
<tr>
<td title='com.avnet.emasia.webquote.entity.QtyBreakPricerTest.getQtyBreakPriceTest()'><b>getQtyBreakPriceTest</b><br>Test class: com.avnet.emasia.webquote.entity.QtyBreakPricerTest</td>
<td></td>
<td>0</td>
<td>com.avnet.emasia.webquote.entity.QtyBreakPricerTest@366e2eef</td></tr>
<tr>
<td title='com.avnet.emasia.webquote.entity.PricerTest.isCustomerMatchedTest1()'><b>isCustomerMatchedTest1</b><br>Test class: com.avnet.emasia.webquote.entity.PricerTest</td>
<td></td>
<td>0</td>
<td>com.avnet.emasia.webquote.entity.PricerTest@5a61f5df</td></tr>
<tr>
<td title='com.avnet.emasia.webquote.entity.PricerTest.isCustomerMatchedTest2()'><b>isCustomerMatchedTest2</b><br>Test class: com.avnet.emasia.webquote.entity.PricerTest</td>
<td></td>
<td>0</td>
<td>com.avnet.emasia.webquote.entity.PricerTest@5a61f5df</td></tr>
<tr>
<td title='com.avnet.emasia.webquote.entity.PricerTest.isCustomerMatchedTest3()'><b>isCustomerMatchedTest3</b><br>Test class: com.avnet.emasia.webquote.entity.PricerTest</td>
<td></td>
<td>0</td>
<td>com.avnet.emasia.webquote.entity.PricerTest@5a61f5df</td></tr>
<tr>
<td title='com.avnet.emasia.webquote.entity.PricerTest.isCustomerMatchedTest4()'><b>isCustomerMatchedTest4</b><br>Test class: com.avnet.emasia.webquote.entity.PricerTest</td>
<td></td>
<td>0</td>
<td>com.avnet.emasia.webquote.entity.PricerTest@5a61f5df</td></tr>
<tr>
<td title='com.avnet.emasia.webquote.entity.PricerTest.isEffectivePricerTest()'><b>isEffectivePricerTest</b><br>Test class: com.avnet.emasia.webquote.entity.PricerTest</td>
<td></td>
<td>0</td>
<td>com.avnet.emasia.webquote.entity.PricerTest@5a61f5df</td></tr>
<tr>
<td title='com.avnet.emasia.webquote.entity.PricerTest.isSalesCostTypeMatchedTest1()'><b>isSalesCostTypeMatchedTest1</b><br>Test class: com.avnet.emasia.webquote.entity.PricerTest</td>
<td></td>
<td>0</td>
<td>com.avnet.emasia.webquote.entity.PricerTest@5a61f5df</td></tr>
<tr>
<td title='com.avnet.emasia.webquote.entity.PricerTest.isSalesCostTypeMatchedTest2()'><b>isSalesCostTypeMatchedTest2</b><br>Test class: com.avnet.emasia.webquote.entity.PricerTest</td>
<td></td>
<td>0</td>
<td>com.avnet.emasia.webquote.entity.PricerTest@5a61f5df</td></tr>
<tr>
<td title='com.avnet.emasia.webquote.vo.RfqItemVOTest.matchAQConditionsTest3()'><b>matchAQConditionsTest3</b><br>Test class: com.avnet.emasia.webquote.vo.RfqItemVOTest</td>
<td></td>
<td>0</td>
<td>com.avnet.emasia.webquote.vo.RfqItemVOTest@34b7bfc0</td></tr>
<tr>
<td title='com.avnet.emasia.webquote.vo.RfqItemVOTest.matchAQConditionsTest4()'><b>matchAQConditionsTest4</b><br>Test class: com.avnet.emasia.webquote.vo.RfqItemVOTest</td>
<td></td>
<td>0</td>
<td>com.avnet.emasia.webquote.vo.RfqItemVOTest@34b7bfc0</td></tr>
<tr>
<td title='com.avnet.emasia.webquote.vo.RfqItemVOTest.matchAQConditionsTest6()'><b>matchAQConditionsTest6</b><br>Test class: com.avnet.emasia.webquote.vo.RfqItemVOTest</td>
<td></td>
<td>0</td>
<td>com.avnet.emasia.webquote.vo.RfqItemVOTest@34b7bfc0</td></tr>
<tr>
<td title='com.avnet.emasia.webquote.entity.QtyCalTest.qtyIndicatorTest3()'><b>qtyIndicatorTest3</b><br>Test class: com.avnet.emasia.webquote.entity.QtyCalTest</td>
<td></td>
<td>0</td>
<td>com.avnet.emasia.webquote.entity.QtyCalTest@3551a94</td></tr>
<tr>
<td title='com.avnet.emasia.webquote.entity.QtyCalTest.qtyIndicatorTest4()'><b>qtyIndicatorTest4</b><br>Test class: com.avnet.emasia.webquote.entity.QtyCalTest</td>
<td></td>
<td>0</td>
<td>com.avnet.emasia.webquote.entity.QtyCalTest@3551a94</td></tr>
<tr>
<td title='com.avnet.emasia.webquote.entity.QtyCalTest.roundDownTest()'><b>roundDownTest</b><br>Test class: com.avnet.emasia.webquote.entity.QtyCalTest</td>
<td></td>
<td>0</td>
<td>com.avnet.emasia.webquote.entity.QtyCalTest@3551a94</td></tr>
<tr>
<td title='com.avnet.emasia.webquote.entity.QtyCalTest.roundDownTest2()'><b>roundDownTest2</b><br>Test class: com.avnet.emasia.webquote.entity.QtyCalTest</td>
<td></td>
<td>0</td>
<td>com.avnet.emasia.webquote.entity.QtyCalTest@3551a94</td></tr>
<tr>
<td title='com.avnet.emasia.webquote.entity.QtyCalTest.roundDownTest3()'><b>roundDownTest3</b><br>Test class: com.avnet.emasia.webquote.entity.QtyCalTest</td>
<td></td>
<td>0</td>
<td>com.avnet.emasia.webquote.entity.QtyCalTest@3551a94</td></tr>
<tr>
<td title='com.avnet.emasia.webquote.entity.QtyCalTest.roundUpTest()'><b>roundUpTest</b><br>Test class: com.avnet.emasia.webquote.entity.QtyCalTest</td>
<td></td>
<td>0</td>
<td>com.avnet.emasia.webquote.entity.QtyCalTest@3551a94</td></tr>
<tr>
<td title='com.avnet.emasia.webquote.entity.QtyCalTest.roundUpTest2()'><b>roundUpTest2</b><br>Test class: com.avnet.emasia.webquote.entity.QtyCalTest</td>
<td></td>
<td>0</td>
<td>com.avnet.emasia.webquote.entity.QtyCalTest@3551a94</td></tr>
<tr>
<td title='com.avnet.emasia.webquote.entity.QtyCalTest.roundUpTest3()'><b>roundUpTest3</b><br>Test class: com.avnet.emasia.webquote.entity.QtyCalTest</td>
<td></td>
<td>0</td>
<td>com.avnet.emasia.webquote.entity.QtyCalTest@3551a94</td></tr>
<tr>
<td title='com.avnet.emasia.webquote.entity.MoneyTest.test1()'><b>test1</b><br>Test class: com.avnet.emasia.webquote.entity.MoneyTest</td>
<td></td>
<td>0</td>
<td>com.avnet.emasia.webquote.entity.MoneyTest@3567135c</td></tr>
<tr>
<td title='com.avnet.emasia.webquote.entity.MoneyTest.test2()'><b>test2</b><br>Test class: com.avnet.emasia.webquote.entity.MoneyTest</td>
<td></td>
<td>0</td>
<td>com.avnet.emasia.webquote.entity.MoneyTest@3567135c</td></tr>
<tr>
<td title='com.avnet.emasia.webquote.entity.MoneyTest.test3()'><b>test3</b><br>Test class: com.avnet.emasia.webquote.entity.MoneyTest</td>
<td></td>
<td>0</td>
<td>com.avnet.emasia.webquote.entity.MoneyTest@3567135c</td></tr>
<tr>
<td title='com.avnet.emasia.webquote.entity.MoneyTest.test4()'><b>test4</b><br>Test class: com.avnet.emasia.webquote.entity.MoneyTest</td>
<td></td>
<td>0</td>
<td>com.avnet.emasia.webquote.entity.MoneyTest@3567135c</td></tr>
<tr>
<td title='com.avnet.emasia.webquote.entity.MoneyTest.test5()'><b>test5</b><br>Test class: com.avnet.emasia.webquote.entity.MoneyTest</td>
<td></td>
<td>0</td>
<td>com.avnet.emasia.webquote.entity.MoneyTest@3567135c</td></tr>
<tr>
<td title='com.avnet.emasia.webquote.entity.MoneyTest.test6()'><b>test6</b><br>Test class: com.avnet.emasia.webquote.entity.MoneyTest</td>
<td></td>
<td>0</td>
<td>com.avnet.emasia.webquote.entity.MoneyTest@3567135c</td></tr>
<tr>
<td title='com.avnet.emasia.webquote.entity.MoneyTest.test7()'><b>test7</b><br>Test class: com.avnet.emasia.webquote.entity.MoneyTest</td>
<td></td>
<td>0</td>
<td>com.avnet.emasia.webquote.entity.MoneyTest@3567135c</td></tr>
</table><p>
</body>
</html>