<?xml version="1.0" encoding="UTF-8"?>
<!-- Generated by org.testng.reporters.JUnitXMLReporter -->
<testsuite hostname="CIS2139VMRDS" name="Command line test" tests="81" failures="12" timestamp="11 Oct 2018 07:47:35 GMT" time="0.292" errors="0">
  <testcase name="findMaterial" time="0.003" classname="com.avnet.emasia.webquote.entity.BizUnitTest"/>
  <testcase name="applyTest1" time="0.012" classname="com.avnet.emasia.webquote.entity.CostIndicatorTest"/>
  <testcase name="applyTest2" time="0.001" classname="com.avnet.emasia.webquote.entity.CostIndicatorTest"/>
  <testcase name="fillInTest" time="0.002" classname="com.avnet.emasia.webquote.entity.ManufacturerDetailTest"/>
  <testcase name="getManufacturerDetailTest" time="0.0" classname="com.avnet.emasia.webquote.entity.ManufacturerTest"/>
  <testcase name="fillInPricerTest" time="0.001" classname="com.avnet.emasia.webquote.entity.MaterialRegionalTest"/>
  <testcase name="getManufacturerDetailTest" time="0.0" classname="com.avnet.emasia.webquote.entity.MaterialRegionalTest"/>
  <testcase name="getManufacturerDetailTest2" time="0.0" classname="com.avnet.emasia.webquote.entity.MaterialRegionalTest"/>
  <testcase name="getMaterialRegaionalTest" time="0.0" classname="com.avnet.emasia.webquote.entity.MaterialRegionalTest"/>
  <testcase name="getMaterialRegaionalTest2" time="0.0" classname="com.avnet.emasia.webquote.entity.MaterialRegionalTest"/>
  <testcase name="fillInPricerInfoTest" time="0.003" classname="com.avnet.emasia.webquote.entity.MaterialTest">
    <failure type="java.lang.NullPointerException" message="Name is null">
      <![CDATA[java.lang.NullPointerException: Name is null
	at java.lang.Enum.valueOf(Enum.java:236)
	at com.avnet.emasia.webquote.entity.Currency.valueOf(Currency.java:5)
	at com.avnet.emasia.webquote.entity.Material.applyAQLogic(Material.java:517)
	at com.avnet.emasia.webquote.entity.MaterialTest.fillInPricerInfoTest(MaterialTest.java:234)
	at org.apache.maven.surefire.testng.TestNGExecutor.run(TestNGExecutor.java:77)
	at org.apache.maven.surefire.testng.TestNGDirectoryTestSuite.executeMulti(TestNGDirectoryTestSuite.java:159)
	at org.apache.maven.surefire.testng.TestNGDirectoryTestSuite.execute(TestNGDirectoryTestSuite.java:99)
	at org.apache.maven.surefire.testng.TestNGProvider.invoke(TestNGProvider.java:106)
	at org.apache.maven.surefire.util.ReflectionUtils.invokeMethodWithArray(ReflectionUtils.java:189)
	at org.apache.maven.surefire.booter.ProviderFactory$ProviderProxy.invoke(ProviderFactory.java:165)
	at org.apache.maven.surefire.booter.ProviderFactory.invokeProvider(ProviderFactory.java:85)
	at org.apache.maven.surefire.booter.ForkedBooter.runSuitesInProcess(ForkedBooter.java:115)
	at org.apache.maven.surefire.booter.ForkedBooter.main(ForkedBooter.java:75)
... Removed 25 stack frames]]>
    </failure>
  </testcase> <!-- fillInPricerInfoTest -->
  <testcase name="fillInPricerInfoTest2" time="0.002" classname="com.avnet.emasia.webquote.entity.MaterialTest">
    <failure type="java.lang.NullPointerException" message="Name is null">
      <![CDATA[java.lang.NullPointerException: Name is null
	at java.lang.Enum.valueOf(Enum.java:236)
	at com.avnet.emasia.webquote.entity.Currency.valueOf(Currency.java:5)
	at com.avnet.emasia.webquote.entity.Material.applyAQLogic(Material.java:517)
	at com.avnet.emasia.webquote.entity.MaterialTest.fillInPricerInfoTest2(MaterialTest.java:245)
	at org.apache.maven.surefire.testng.TestNGExecutor.run(TestNGExecutor.java:77)
	at org.apache.maven.surefire.testng.TestNGDirectoryTestSuite.executeMulti(TestNGDirectoryTestSuite.java:159)
	at org.apache.maven.surefire.testng.TestNGDirectoryTestSuite.execute(TestNGDirectoryTestSuite.java:99)
	at org.apache.maven.surefire.testng.TestNGProvider.invoke(TestNGProvider.java:106)
	at org.apache.maven.surefire.util.ReflectionUtils.invokeMethodWithArray(ReflectionUtils.java:189)
	at org.apache.maven.surefire.booter.ProviderFactory$ProviderProxy.invoke(ProviderFactory.java:165)
	at org.apache.maven.surefire.booter.ProviderFactory.invokeProvider(ProviderFactory.java:85)
	at org.apache.maven.surefire.booter.ForkedBooter.runSuitesInProcess(ForkedBooter.java:115)
	at org.apache.maven.surefire.booter.ForkedBooter.main(ForkedBooter.java:75)
... Removed 25 stack frames]]>
    </failure>
  </testcase> <!-- fillInPricerInfoTest2 -->
  <testcase name="fillInPricerInfoTest3" time="0.003" classname="com.avnet.emasia.webquote.entity.MaterialTest">
    <failure type="java.lang.NullPointerException" message="Name is null">
      <![CDATA[java.lang.NullPointerException: Name is null
	at java.lang.Enum.valueOf(Enum.java:236)
	at com.avnet.emasia.webquote.entity.Currency.valueOf(Currency.java:5)
	at com.avnet.emasia.webquote.entity.Material.applyAQLogic(Material.java:517)
	at com.avnet.emasia.webquote.entity.MaterialTest.fillInPricerInfoTest3(MaterialTest.java:269)
	at org.apache.maven.surefire.testng.TestNGExecutor.run(TestNGExecutor.java:77)
	at org.apache.maven.surefire.testng.TestNGDirectoryTestSuite.executeMulti(TestNGDirectoryTestSuite.java:159)
	at org.apache.maven.surefire.testng.TestNGDirectoryTestSuite.execute(TestNGDirectoryTestSuite.java:99)
	at org.apache.maven.surefire.testng.TestNGProvider.invoke(TestNGProvider.java:106)
	at org.apache.maven.surefire.util.ReflectionUtils.invokeMethodWithArray(ReflectionUtils.java:189)
	at org.apache.maven.surefire.booter.ProviderFactory$ProviderProxy.invoke(ProviderFactory.java:165)
	at org.apache.maven.surefire.booter.ProviderFactory.invokeProvider(ProviderFactory.java:85)
	at org.apache.maven.surefire.booter.ForkedBooter.runSuitesInProcess(ForkedBooter.java:115)
	at org.apache.maven.surefire.booter.ForkedBooter.main(ForkedBooter.java:75)
... Removed 25 stack frames]]>
    </failure>
  </testcase> <!-- fillInPricerInfoTest3 -->
  <testcase name="fillInPricerInfoTest30" time="0.002" classname="com.avnet.emasia.webquote.entity.MaterialTest">
    <failure type="java.lang.NullPointerException" message="Name is null">
      <![CDATA[java.lang.NullPointerException: Name is null
	at java.lang.Enum.valueOf(Enum.java:236)
	at com.avnet.emasia.webquote.entity.Currency.valueOf(Currency.java:5)
	at com.avnet.emasia.webquote.entity.Material.applyAQLogic(Material.java:517)
	at com.avnet.emasia.webquote.entity.MaterialTest.fillInPricerInfoTest30(MaterialTest.java:288)
	at org.apache.maven.surefire.testng.TestNGExecutor.run(TestNGExecutor.java:77)
	at org.apache.maven.surefire.testng.TestNGDirectoryTestSuite.executeMulti(TestNGDirectoryTestSuite.java:159)
	at org.apache.maven.surefire.testng.TestNGDirectoryTestSuite.execute(TestNGDirectoryTestSuite.java:99)
	at org.apache.maven.surefire.testng.TestNGProvider.invoke(TestNGProvider.java:106)
	at org.apache.maven.surefire.util.ReflectionUtils.invokeMethodWithArray(ReflectionUtils.java:189)
	at org.apache.maven.surefire.booter.ProviderFactory$ProviderProxy.invoke(ProviderFactory.java:165)
	at org.apache.maven.surefire.booter.ProviderFactory.invokeProvider(ProviderFactory.java:85)
	at org.apache.maven.surefire.booter.ForkedBooter.runSuitesInProcess(ForkedBooter.java:115)
	at org.apache.maven.surefire.booter.ForkedBooter.main(ForkedBooter.java:75)
... Removed 25 stack frames]]>
    </failure>
  </testcase> <!-- fillInPricerInfoTest30 -->
  <testcase name="fillInPricerInfoTest4" time="0.067" classname="com.avnet.emasia.webquote.entity.MaterialTest">
    <failure type="java.lang.AssertionError" message="expected [false] but found [true]">
      <![CDATA[java.lang.AssertionError: expected [false] but found [true]
	at com.avnet.emasia.webquote.entity.MaterialTest.fillInPricerInfoTest4(MaterialTest.java:306)
	at org.apache.maven.surefire.testng.TestNGExecutor.run(TestNGExecutor.java:77)
	at org.apache.maven.surefire.testng.TestNGDirectoryTestSuite.executeMulti(TestNGDirectoryTestSuite.java:159)
	at org.apache.maven.surefire.testng.TestNGDirectoryTestSuite.execute(TestNGDirectoryTestSuite.java:99)
	at org.apache.maven.surefire.testng.TestNGProvider.invoke(TestNGProvider.java:106)
	at org.apache.maven.surefire.util.ReflectionUtils.invokeMethodWithArray(ReflectionUtils.java:189)
	at org.apache.maven.surefire.booter.ProviderFactory$ProviderProxy.invoke(ProviderFactory.java:165)
	at org.apache.maven.surefire.booter.ProviderFactory.invokeProvider(ProviderFactory.java:85)
	at org.apache.maven.surefire.booter.ForkedBooter.runSuitesInProcess(ForkedBooter.java:115)
	at org.apache.maven.surefire.booter.ForkedBooter.main(ForkedBooter.java:75)
... Removed 30 stack frames]]>
    </failure>
  </testcase> <!-- fillInPricerInfoTest4 -->
  <testcase name="getCandidatePricersForAQTest1" time="0.001" classname="com.avnet.emasia.webquote.entity.MaterialTest"/>
  <testcase name="getCandidatePricersForAQTest10" time="0.001" classname="com.avnet.emasia.webquote.entity.MaterialTest"/>
  <testcase name="getCandidatePricersForAQTest2" time="0.0" classname="com.avnet.emasia.webquote.entity.MaterialTest"/>
  <testcase name="getCandidatePricersForAQTest3" time="0.002" classname="com.avnet.emasia.webquote.entity.MaterialTest"/>
  <testcase name="getCandidatePricersForAQTest4" time="0.004" classname="com.avnet.emasia.webquote.entity.MaterialTest"/>
  <testcase name="getCandidatePricersForAQTest5" time="0.002" classname="com.avnet.emasia.webquote.entity.MaterialTest"/>
  <testcase name="getCandidatePricersForAQTest6" time="0.0" classname="com.avnet.emasia.webquote.entity.MaterialTest"/>
  <testcase name="getCandidatePricersForAQTest7" time="0.007" classname="com.avnet.emasia.webquote.entity.MaterialTest"/>
  <testcase name="getCandidatePricersForAQTest8" time="0.003" classname="com.avnet.emasia.webquote.entity.MaterialTest"/>
  <testcase name="getCandidatePricersForAQTest9" time="0.002" classname="com.avnet.emasia.webquote.entity.MaterialTest"/>
  <testcase name="getMaterialRegaionalTest" time="0.0" classname="com.avnet.emasia.webquote.entity.MaterialTest"/>
  <testcase name="test1" time="0.0" classname="com.avnet.emasia.webquote.entity.MoneyTest"/>
  <testcase name="test2" time="0.001" classname="com.avnet.emasia.webquote.entity.MoneyTest"/>
  <testcase name="test3" time="0.0" classname="com.avnet.emasia.webquote.entity.MoneyTest"/>
  <testcase name="test4" time="0.0" classname="com.avnet.emasia.webquote.entity.MoneyTest"/>
  <testcase name="test5" time="0.001" classname="com.avnet.emasia.webquote.entity.MoneyTest"/>
  <testcase name="test6" time="0.0" classname="com.avnet.emasia.webquote.entity.MoneyTest"/>
  <testcase name="test7" time="0.0" classname="com.avnet.emasia.webquote.entity.MoneyTest"/>
  <testcase name="calPmoqTest0" time="0.0" classname="com.avnet.emasia.webquote.entity.PricerTest"/>
  <testcase name="calPmoqTest1" time="0.004" classname="com.avnet.emasia.webquote.entity.PricerTest"/>
  <testcase name="calPmoqTest2" time="0.001" classname="com.avnet.emasia.webquote.entity.PricerTest"/>
  <testcase name="calPmoqTest3" time="0.0" classname="com.avnet.emasia.webquote.entity.PricerTest"/>
  <testcase name="calPmoqTest4" time="0.0" classname="com.avnet.emasia.webquote.entity.PricerTest"/>
  <testcase name="calPriceValidityDateTest1" time="0.0" classname="com.avnet.emasia.webquote.entity.PricerTest"/>
  <testcase name="calPriceValidityDateTest2" time="0.0" classname="com.avnet.emasia.webquote.entity.PricerTest"/>
  <testcase name="isCustomerMatchedTest1" time="0.0" classname="com.avnet.emasia.webquote.entity.PricerTest"/>
  <testcase name="isCustomerMatchedTest2" time="0.0" classname="com.avnet.emasia.webquote.entity.PricerTest"/>
  <testcase name="isCustomerMatchedTest3" time="0.0" classname="com.avnet.emasia.webquote.entity.PricerTest"/>
  <testcase name="isCustomerMatchedTest4" time="0.001" classname="com.avnet.emasia.webquote.entity.PricerTest"/>
  <testcase name="isEffectivePricerTest" time="0.0" classname="com.avnet.emasia.webquote.entity.PricerTest"/>
  <testcase name="isSalesCostTypeMatchedTest1" time="0.0" classname="com.avnet.emasia.webquote.entity.PricerTest"/>
  <testcase name="isSalesCostTypeMatchedTest2" time="0.001" classname="com.avnet.emasia.webquote.entity.PricerTest"/>
  <testcase name="calQtyBreakRangeTest" time="0.0" classname="com.avnet.emasia.webquote.entity.QtyBreakPricerTest"/>
  <testcase name="calQtyBreakRangeTest2" time="0.0" classname="com.avnet.emasia.webquote.entity.QtyBreakPricerTest"/>
  <testcase name="getQtyBreakPriceTest" time="0.0" classname="com.avnet.emasia.webquote.entity.QtyBreakPricerTest"/>
  <testcase name="calMoqTest1" time="0.0" classname="com.avnet.emasia.webquote.entity.QtyCalTest">
    <failure type="java.lang.AssertionError" message="expected [1500] but found [1100]">
      <![CDATA[java.lang.AssertionError: expected [1500] but found [1100]
	at com.avnet.emasia.webquote.entity.QtyCalTest.calMoqTest1(QtyCalTest.java:69)
	at org.apache.maven.surefire.testng.TestNGExecutor.run(TestNGExecutor.java:77)
	at org.apache.maven.surefire.testng.TestNGDirectoryTestSuite.executeMulti(TestNGDirectoryTestSuite.java:159)
	at org.apache.maven.surefire.testng.TestNGDirectoryTestSuite.execute(TestNGDirectoryTestSuite.java:99)
	at org.apache.maven.surefire.testng.TestNGProvider.invoke(TestNGProvider.java:106)
	at org.apache.maven.surefire.util.ReflectionUtils.invokeMethodWithArray(ReflectionUtils.java:189)
	at org.apache.maven.surefire.booter.ProviderFactory$ProviderProxy.invoke(ProviderFactory.java:165)
	at org.apache.maven.surefire.booter.ProviderFactory.invokeProvider(ProviderFactory.java:85)
	at org.apache.maven.surefire.booter.ForkedBooter.runSuitesInProcess(ForkedBooter.java:115)
	at org.apache.maven.surefire.booter.ForkedBooter.main(ForkedBooter.java:75)
... Removed 30 stack frames]]>
    </failure>
  </testcase> <!-- calMoqTest1 -->
  <testcase name="calMoqTest2" time="0.0" classname="com.avnet.emasia.webquote.entity.QtyCalTest">
    <failure type="java.lang.AssertionError" message="expected [1800] but found [1100]">
      <![CDATA[java.lang.AssertionError: expected [1800] but found [1100]
	at com.avnet.emasia.webquote.entity.QtyCalTest.calMoqTest2(QtyCalTest.java:74)
	at org.apache.maven.surefire.testng.TestNGExecutor.run(TestNGExecutor.java:77)
	at org.apache.maven.surefire.testng.TestNGDirectoryTestSuite.executeMulti(TestNGDirectoryTestSuite.java:159)
	at org.apache.maven.surefire.testng.TestNGDirectoryTestSuite.execute(TestNGDirectoryTestSuite.java:99)
	at org.apache.maven.surefire.testng.TestNGProvider.invoke(TestNGProvider.java:106)
	at org.apache.maven.surefire.util.ReflectionUtils.invokeMethodWithArray(ReflectionUtils.java:189)
	at org.apache.maven.surefire.booter.ProviderFactory$ProviderProxy.invoke(ProviderFactory.java:165)
	at org.apache.maven.surefire.booter.ProviderFactory.invokeProvider(ProviderFactory.java:85)
	at org.apache.maven.surefire.booter.ForkedBooter.runSuitesInProcess(ForkedBooter.java:115)
	at org.apache.maven.surefire.booter.ForkedBooter.main(ForkedBooter.java:75)
... Removed 30 stack frames]]>
    </failure>
  </testcase> <!-- calMoqTest2 -->
  <testcase name="calMoqTest3" time="0.0" classname="com.avnet.emasia.webquote.entity.QtyCalTest"/>
  <testcase name="calQtyIndicatorTest" time="0.0" classname="com.avnet.emasia.webquote.entity.QtyCalTest"/>
  <testcase name="calQtyIndicatorTest2" time="0.0" classname="com.avnet.emasia.webquote.entity.QtyCalTest"/>
  <testcase name="calQtyIndicatorTest6" time="0.0" classname="com.avnet.emasia.webquote.entity.QtyCalTest"/>
  <testcase name="calQuotedQtyTest1" time="0.001" classname="com.avnet.emasia.webquote.entity.QtyCalTest"/>
  <testcase name="calQuotedQtyTest11" time="0.0" classname="com.avnet.emasia.webquote.entity.QtyCalTest"/>
  <testcase name="calQuotedQtyTest12" time="0.0" classname="com.avnet.emasia.webquote.entity.QtyCalTest"/>
  <testcase name="calQuotedQtyTest2" time="0.0" classname="com.avnet.emasia.webquote.entity.QtyCalTest"/>
  <testcase name="calQuotedQtyTest21" time="0.0" classname="com.avnet.emasia.webquote.entity.QtyCalTest"/>
  <testcase name="calQuotedQtyTest22" time="0.0" classname="com.avnet.emasia.webquote.entity.QtyCalTest"/>
  <testcase name="calQuotedQtyTest23" time="0.001" classname="com.avnet.emasia.webquote.entity.QtyCalTest"/>
  <testcase name="calQuotedQtyTest24" time="0.0" classname="com.avnet.emasia.webquote.entity.QtyCalTest"/>
  <testcase name="calQuotedQtyTest3" time="0.0" classname="com.avnet.emasia.webquote.entity.QtyCalTest"/>
  <testcase name="qtyIndicatorTest3" time="0.0" classname="com.avnet.emasia.webquote.entity.QtyCalTest"/>
  <testcase name="qtyIndicatorTest4" time="0.0" classname="com.avnet.emasia.webquote.entity.QtyCalTest"/>
  <testcase name="roundDownTest" time="0.0" classname="com.avnet.emasia.webquote.entity.QtyCalTest"/>
  <testcase name="roundDownTest2" time="0.0" classname="com.avnet.emasia.webquote.entity.QtyCalTest"/>
  <testcase name="roundDownTest3" time="0.0" classname="com.avnet.emasia.webquote.entity.QtyCalTest"/>
  <testcase name="roundUpTest" time="0.0" classname="com.avnet.emasia.webquote.entity.QtyCalTest"/>
  <testcase name="roundUpTest2" time="0.0" classname="com.avnet.emasia.webquote.entity.QtyCalTest"/>
  <testcase name="roundUpTest3" time="0.0" classname="com.avnet.emasia.webquote.entity.QtyCalTest"/>
  <testcase name="matchAQConditionsTest1" time="0.0" classname="com.avnet.emasia.webquote.vo.RfqItemVOTest">
    <failure type="java.lang.AssertionError" message="expected [true] but found [false]">
      <![CDATA[java.lang.AssertionError: expected [true] but found [false]
	at com.avnet.emasia.webquote.vo.RfqItemVOTest.matchAQConditionsTest1(RfqItemVOTest.java:48)
	at org.apache.maven.surefire.testng.TestNGExecutor.run(TestNGExecutor.java:77)
	at org.apache.maven.surefire.testng.TestNGDirectoryTestSuite.executeMulti(TestNGDirectoryTestSuite.java:159)
	at org.apache.maven.surefire.testng.TestNGDirectoryTestSuite.execute(TestNGDirectoryTestSuite.java:99)
	at org.apache.maven.surefire.testng.TestNGProvider.invoke(TestNGProvider.java:106)
	at org.apache.maven.surefire.util.ReflectionUtils.invokeMethodWithArray(ReflectionUtils.java:189)
	at org.apache.maven.surefire.booter.ProviderFactory$ProviderProxy.invoke(ProviderFactory.java:165)
	at org.apache.maven.surefire.booter.ProviderFactory.invokeProvider(ProviderFactory.java:85)
	at org.apache.maven.surefire.booter.ForkedBooter.runSuitesInProcess(ForkedBooter.java:115)
	at org.apache.maven.surefire.booter.ForkedBooter.main(ForkedBooter.java:75)
... Removed 29 stack frames]]>
    </failure>
  </testcase> <!-- matchAQConditionsTest1 -->
  <testcase name="matchAQConditionsTest2" time="0.0" classname="com.avnet.emasia.webquote.vo.RfqItemVOTest">
    <failure type="java.lang.AssertionError" message="expected [true] but found [false]">
      <![CDATA[java.lang.AssertionError: expected [true] but found [false]
	at com.avnet.emasia.webquote.vo.RfqItemVOTest.matchAQConditionsTest2(RfqItemVOTest.java:56)
	at org.apache.maven.surefire.testng.TestNGExecutor.run(TestNGExecutor.java:77)
	at org.apache.maven.surefire.testng.TestNGDirectoryTestSuite.executeMulti(TestNGDirectoryTestSuite.java:159)
	at org.apache.maven.surefire.testng.TestNGDirectoryTestSuite.execute(TestNGDirectoryTestSuite.java:99)
	at org.apache.maven.surefire.testng.TestNGProvider.invoke(TestNGProvider.java:106)
	at org.apache.maven.surefire.util.ReflectionUtils.invokeMethodWithArray(ReflectionUtils.java:189)
	at org.apache.maven.surefire.booter.ProviderFactory$ProviderProxy.invoke(ProviderFactory.java:165)
	at org.apache.maven.surefire.booter.ProviderFactory.invokeProvider(ProviderFactory.java:85)
	at org.apache.maven.surefire.booter.ForkedBooter.runSuitesInProcess(ForkedBooter.java:115)
	at org.apache.maven.surefire.booter.ForkedBooter.main(ForkedBooter.java:75)
... Removed 29 stack frames]]>
    </failure>
  </testcase> <!-- matchAQConditionsTest2 -->
  <testcase name="matchAQConditionsTest3" time="0.001" classname="com.avnet.emasia.webquote.vo.RfqItemVOTest"/>
  <testcase name="matchAQConditionsTest4" time="0.0" classname="com.avnet.emasia.webquote.vo.RfqItemVOTest"/>
  <testcase name="matchAQConditionsTest5" time="0.0" classname="com.avnet.emasia.webquote.vo.RfqItemVOTest">
    <failure type="java.lang.AssertionError" message="expected [true] but found [false]">
      <![CDATA[java.lang.AssertionError: expected [true] but found [false]
	at com.avnet.emasia.webquote.vo.RfqItemVOTest.matchAQConditionsTest5(RfqItemVOTest.java:77)
	at org.apache.maven.surefire.testng.TestNGExecutor.run(TestNGExecutor.java:77)
	at org.apache.maven.surefire.testng.TestNGDirectoryTestSuite.executeMulti(TestNGDirectoryTestSuite.java:159)
	at org.apache.maven.surefire.testng.TestNGDirectoryTestSuite.execute(TestNGDirectoryTestSuite.java:99)
	at org.apache.maven.surefire.testng.TestNGProvider.invoke(TestNGProvider.java:106)
	at org.apache.maven.surefire.util.ReflectionUtils.invokeMethodWithArray(ReflectionUtils.java:189)
	at org.apache.maven.surefire.booter.ProviderFactory$ProviderProxy.invoke(ProviderFactory.java:165)
	at org.apache.maven.surefire.booter.ProviderFactory.invokeProvider(ProviderFactory.java:85)
	at org.apache.maven.surefire.booter.ForkedBooter.runSuitesInProcess(ForkedBooter.java:115)
	at org.apache.maven.surefire.booter.ForkedBooter.main(ForkedBooter.java:75)
... Removed 29 stack frames]]>
    </failure>
  </testcase> <!-- matchAQConditionsTest5 -->
  <testcase name="matchAQConditionsTest6" time="0.0" classname="com.avnet.emasia.webquote.vo.RfqItemVOTest"/>
  <testcase name="matchAQConditionsTest7" time="0.0" classname="com.avnet.emasia.webquote.vo.RfqItemVOTest">
    <failure type="java.lang.AssertionError" message="expected [true] but found [false]">
      <![CDATA[java.lang.AssertionError: expected [true] but found [false]
	at com.avnet.emasia.webquote.vo.RfqItemVOTest.matchAQConditionsTest7(RfqItemVOTest.java:91)
	at org.apache.maven.surefire.testng.TestNGExecutor.run(TestNGExecutor.java:77)
	at org.apache.maven.surefire.testng.TestNGDirectoryTestSuite.executeMulti(TestNGDirectoryTestSuite.java:159)
	at org.apache.maven.surefire.testng.TestNGDirectoryTestSuite.execute(TestNGDirectoryTestSuite.java:99)
	at org.apache.maven.surefire.testng.TestNGProvider.invoke(TestNGProvider.java:106)
	at org.apache.maven.surefire.util.ReflectionUtils.invokeMethodWithArray(ReflectionUtils.java:189)
	at org.apache.maven.surefire.booter.ProviderFactory$ProviderProxy.invoke(ProviderFactory.java:165)
	at org.apache.maven.surefire.booter.ProviderFactory.invokeProvider(ProviderFactory.java:85)
	at org.apache.maven.surefire.booter.ForkedBooter.runSuitesInProcess(ForkedBooter.java:115)
	at org.apache.maven.surefire.booter.ForkedBooter.main(ForkedBooter.java:75)
... Removed 29 stack frames]]>
    </failure>
  </testcase> <!-- matchAQConditionsTest7 -->
  <testcase name="matchAQConditionsTest8" time="0.0" classname="com.avnet.emasia.webquote.vo.RfqItemVOTest">
    <failure type="java.lang.AssertionError" message="expected [true] but found [false]">
      <![CDATA[java.lang.AssertionError: expected [true] but found [false]
	at com.avnet.emasia.webquote.vo.RfqItemVOTest.matchAQConditionsTest8(RfqItemVOTest.java:100)
	at org.apache.maven.surefire.testng.TestNGExecutor.run(TestNGExecutor.java:77)
	at org.apache.maven.surefire.testng.TestNGDirectoryTestSuite.executeMulti(TestNGDirectoryTestSuite.java:159)
	at org.apache.maven.surefire.testng.TestNGDirectoryTestSuite.execute(TestNGDirectoryTestSuite.java:99)
	at org.apache.maven.surefire.testng.TestNGProvider.invoke(TestNGProvider.java:106)
	at org.apache.maven.surefire.util.ReflectionUtils.invokeMethodWithArray(ReflectionUtils.java:189)
	at org.apache.maven.surefire.booter.ProviderFactory$ProviderProxy.invoke(ProviderFactory.java:165)
	at org.apache.maven.surefire.booter.ProviderFactory.invokeProvider(ProviderFactory.java:85)
	at org.apache.maven.surefire.booter.ForkedBooter.runSuitesInProcess(ForkedBooter.java:115)
	at org.apache.maven.surefire.booter.ForkedBooter.main(ForkedBooter.java:75)
... Removed 29 stack frames]]>
    </failure>
  </testcase> <!-- matchAQConditionsTest8 -->
</testsuite> <!-- Command line test -->
