<?xml version="1.0" encoding="UTF-8" ?>
<testsuite tests="81" failures="12" name="TestSuite" time="0.133" errors="0" skipped="0">
  <properties>
    <property name="java.runtime.name" value="Java(TM) SE Runtime Environment"/>
    <property name="sun.boot.library.path" value="C:\Program Files\Java\jdk1.8.0_144\jre\bin"/>
    <property name="java.vm.version" value="25.144-b01"/>
    <property name="java.vm.vendor" value="Oracle Corporation"/>
    <property name="maven.multiModuleProjectDirectory" value="C:\Damon\webquote3.0trunk\webquote"/>
    <property name="java.vendor.url" value="http://java.oracle.com/"/>
    <property name="path.separator" value=";"/>
    <property name="guice.disable.misplaced.annotation.check" value="true"/>
    <property name="java.vm.name" value="Java HotSpot(TM) 64-Bit Server VM"/>
    <property name="file.encoding.pkg" value="sun.io"/>
    <property name="user.script" value=""/>
    <property name="user.country" value="US"/>
    <property name="sun.java.launcher" value="SUN_STANDARD"/>
    <property name="sun.os.patch.level" value=""/>
    <property name="java.vm.specification.name" value="Java Virtual Machine Specification"/>
    <property name="user.dir" value="C:\Damon\webquote3.0trunk\webquote"/>
    <property name="java.runtime.version" value="1.8.0_144-b01"/>
    <property name="java.awt.graphicsenv" value="sun.awt.Win32GraphicsEnvironment"/>
    <property name="java.endorsed.dirs" value="C:\Program Files\Java\jdk1.8.0_144\jre\lib\endorsed"/>
    <property name="os.arch" value="amd64"/>
    <property name="java.io.tmpdir" value="C:\Users\046755\AppData\Local\Temp\5\"/>
    <property name="line.separator" value="
"/>
    <property name="java.vm.specification.vendor" value="Oracle Corporation"/>
    <property name="user.variant" value=""/>
    <property name="os.name" value="Windows Server 2012 R2"/>
    <property name="classworlds.conf" value="C:\Damon\webquote3.0trunk\.metadata\.plugins\org.eclipse.m2e.launching\launches\m2conf3608063697170911151.tmp"/>
    <property name="sun.jnu.encoding" value="Cp1252"/>
    <property name="java.library.path" value="C:\Program Files\Java\jdk1.8.0_144\bin;C:\WINDOWS\Sun\Java\bin;C:\WINDOWS\system32;C:\WINDOWS;C:\ProgramData\Oracle\Java\javapath;C:\WINDOWS\system32;C:\WINDOWS;C:\WINDOWS\System32\Wbem;C:\WINDOWS\System32\WindowsPowerShell\v1.0\;C:\Program Files\Java\jdk1.7.0_71\bin;C:\Program Files\Java\jdk1.7.0_71\jre\bin;C:\Damon\software\apache-maven-3.3.9-bin\apache-maven-3.3.9\bin;C:\Program Files\Git\cmd;."/>
    <property name="java.specification.name" value="Java Platform API Specification"/>
    <property name="java.class.version" value="52.0"/>
    <property name="sun.management.compiler" value="HotSpot 64-Bit Tiered Compilers"/>
    <property name="os.version" value="6.3"/>
    <property name="user.home" value="C:\Users\046755"/>
    <property name="user.timezone" value="Asia/Shanghai"/>
    <property name="java.awt.printerjob" value="sun.awt.windows.WPrinterJob"/>
    <property name="java.specification.version" value="1.8"/>
    <property name="file.encoding" value="Cp1252"/>
    <property name="user.name" value="046755"/>
    <property name="java.class.path" value="C:\Damon\software\apache-maven-3.3.9-bin\apache-maven-3.3.9\boot\plexus-classworlds-2.5.2.jar"/>
    <property name="java.vm.specification.version" value="1.8"/>
    <property name="sun.arch.data.model" value="64"/>
    <property name="java.home" value="C:\Program Files\Java\jdk1.8.0_144\jre"/>
    <property name="sun.java.command" value="org.codehaus.plexus.classworlds.launcher.Launcher -B -s C:\Damon\software\apache-maven-3.3.9-bin\apache-maven-3.3.9\conf\settings.xml install"/>
    <property name="java.specification.vendor" value="Oracle Corporation"/>
    <property name="user.language" value="en"/>
    <property name="awt.toolkit" value="sun.awt.windows.WToolkit"/>
    <property name="java.vm.info" value="mixed mode"/>
    <property name="java.version" value="1.8.0_144"/>
    <property name="java.ext.dirs" value="C:\Program Files\Java\jdk1.8.0_144\jre\lib\ext;C:\WINDOWS\Sun\Java\lib\ext"/>
    <property name="sun.boot.class.path" value="C:\Program Files\Java\jdk1.8.0_144\jre\lib\resources.jar;C:\Program Files\Java\jdk1.8.0_144\jre\lib\rt.jar;C:\Program Files\Java\jdk1.8.0_144\jre\lib\sunrsasign.jar;C:\Program Files\Java\jdk1.8.0_144\jre\lib\jsse.jar;C:\Program Files\Java\jdk1.8.0_144\jre\lib\jce.jar;C:\Program Files\Java\jdk1.8.0_144\jre\lib\charsets.jar;C:\Program Files\Java\jdk1.8.0_144\jre\lib\jfr.jar;C:\Program Files\Java\jdk1.8.0_144\jre\classes"/>
    <property name="java.vendor" value="Oracle Corporation"/>
    <property name="maven.home" value="C:\Damon\software\apache-maven-3.3.9-bin\apache-maven-3.3.9"/>
    <property name="file.separator" value="\"/>
    <property name="java.vendor.url.bug" value="http://bugreport.sun.com/bugreport/"/>
    <property name="sun.cpu.endian" value="little"/>
    <property name="sun.io.unicode.encoding" value="UnicodeLittle"/>
    <property name="sun.desktop" value="windows"/>
    <property name="sun.cpu.isalist" value="amd64"/>
  </properties>
  <testcase classname="com.avnet.emasia.webquote.entity.BizUnitTest" name="findMaterial" time="0.002"/>
  <testcase classname="com.avnet.emasia.webquote.entity.CostIndicatorTest" name="applyTest1" time="0.01"/>
  <testcase classname="com.avnet.emasia.webquote.entity.CostIndicatorTest" name="applyTest2" time="0"/>
  <testcase classname="com.avnet.emasia.webquote.entity.ManufacturerDetailTest" name="fillInTest" time="0.001"/>
  <testcase classname="com.avnet.emasia.webquote.entity.ManufacturerTest" name="getManufacturerDetailTest" time="0"/>
  <testcase classname="com.avnet.emasia.webquote.entity.MaterialRegionalTest" name="fillInPricerTest" time="0.002"/>
  <testcase classname="com.avnet.emasia.webquote.entity.MaterialRegionalTest" name="getManufacturerDetailTest" time="0"/>
  <testcase classname="com.avnet.emasia.webquote.entity.MaterialRegionalTest" name="getManufacturerDetailTest2" time="0"/>
  <testcase classname="com.avnet.emasia.webquote.entity.MaterialRegionalTest" name="getMaterialRegaionalTest" time="0.001"/>
  <testcase classname="com.avnet.emasia.webquote.entity.MaterialRegionalTest" name="getMaterialRegaionalTest2" time="0"/>
  <testcase classname="com.avnet.emasia.webquote.entity.MaterialTest" name="fillInPricerInfoTest" time="0.005">
    <failure message="Name is null" type="java.lang.NullPointerException">java.lang.NullPointerException: Name is null
	at java.lang.Enum.valueOf(Enum.java:236)
	at com.avnet.emasia.webquote.entity.Currency.valueOf(Currency.java:5)
	at com.avnet.emasia.webquote.entity.Material.applyAQLogic(Material.java:517)
	at com.avnet.emasia.webquote.entity.MaterialTest.fillInPricerInfoTest(MaterialTest.java:234)
</failure>
    <system-err>Oct 11, 2018 3:47:35 PM com.avnet.emasia.webquote.entity.Money &lt;clinit&gt;
SEVERE: This shoud not happen
javax.naming.NoInitialContextException: Need to specify class name in environment or system property, or as an applet parameter, or in an application resource file:  java.naming.factory.initial
	at javax.naming.spi.NamingManager.getInitialContext(NamingManager.java:662)
	at javax.naming.InitialContext.getDefaultInitCtx(InitialContext.java:313)
	at javax.naming.InitialContext.getURLOrDefaultInitCtx(InitialContext.java:350)
	at javax.naming.InitialContext.lookup(InitialContext.java:417)
	at com.avnet.emasia.webquote.entity.Money.&lt;clinit&gt;(Money.java:35)
	at com.avnet.emasia.webquote.entity.MaterialTest.setup(MaterialTest.java:63)
	at sun.reflect.NativeMethodAccessorImpl.invoke0(Native Method)
	at sun.reflect.NativeMethodAccessorImpl.invoke(NativeMethodAccessorImpl.java:62)
	at sun.reflect.DelegatingMethodAccessorImpl.invoke(DelegatingMethodAccessorImpl.java:43)
	at java.lang.reflect.Method.invoke(Method.java:498)
	at org.testng.internal.MethodInvocationHelper.invokeMethod(MethodInvocationHelper.java:80)
	at org.testng.internal.Invoker.invokeConfigurationMethod(Invoker.java:564)
	at org.testng.internal.Invoker.invokeConfigurations(Invoker.java:213)
	at org.testng.internal.Invoker.invokeMethod(Invoker.java:653)
	at org.testng.internal.Invoker.invokeTestMethod(Invoker.java:901)
	at org.testng.internal.Invoker.invokeTestMethods(Invoker.java:1231)
	at org.testng.internal.TestMethodWorker.invokeTestMethods(TestMethodWorker.java:127)
	at org.testng.internal.TestMethodWorker.run(TestMethodWorker.java:111)
	at org.testng.TestRunner.privateRun(TestRunner.java:767)
	at org.testng.TestRunner.run(TestRunner.java:617)
	at org.testng.SuiteRunner.runTest(SuiteRunner.java:334)
	at org.testng.SuiteRunner.runSequentially(SuiteRunner.java:329)
	at org.testng.SuiteRunner.privateRun(SuiteRunner.java:291)
	at org.testng.SuiteRunner.run(SuiteRunner.java:240)
	at org.testng.SuiteRunnerWorker.runSuite(SuiteRunnerWorker.java:52)
	at org.testng.SuiteRunnerWorker.run(SuiteRunnerWorker.java:86)
	at org.testng.TestNG.runSuitesSequentially(TestNG.java:1198)
	at org.testng.TestNG.runSuitesLocally(TestNG.java:1123)
	at org.testng.TestNG.run(TestNG.java:1031)
	at org.apache.maven.surefire.testng.TestNGExecutor.run(TestNGExecutor.java:77)
	at org.apache.maven.surefire.testng.TestNGDirectoryTestSuite.executeMulti(TestNGDirectoryTestSuite.java:159)
	at org.apache.maven.surefire.testng.TestNGDirectoryTestSuite.execute(TestNGDirectoryTestSuite.java:99)
	at org.apache.maven.surefire.testng.TestNGProvider.invoke(TestNGProvider.java:106)
	at sun.reflect.NativeMethodAccessorImpl.invoke0(Native Method)
	at sun.reflect.NativeMethodAccessorImpl.invoke(NativeMethodAccessorImpl.java:62)
	at sun.reflect.DelegatingMethodAccessorImpl.invoke(DelegatingMethodAccessorImpl.java:43)
	at java.lang.reflect.Method.invoke(Method.java:498)
	at org.apache.maven.surefire.util.ReflectionUtils.invokeMethodWithArray(ReflectionUtils.java:189)
	at org.apache.maven.surefire.booter.ProviderFactory$ProviderProxy.invoke(ProviderFactory.java:165)
	at org.apache.maven.surefire.booter.ProviderFactory.invokeProvider(ProviderFactory.java:85)
	at org.apache.maven.surefire.booter.ForkedBooter.runSuitesInProcess(ForkedBooter.java:115)
	at org.apache.maven.surefire.booter.ForkedBooter.main(ForkedBooter.java:75)

Oct 11, 2018 3:47:35 PM com.avnet.emasia.webquote.entity.Material applyAQLogic
INFO: applyAQLogic for RfqItemVO [logger=java.util.logging.Logger@47c62251, id=0, itemNumber=0, pricer=false, cost=null, costIndicator=null, drmsLinkage=false, newPartNumber=false, quoteNumber=null, quotedPartNumber=null, partMask=null, projectId=null, drProjects=null, status=null, stage=null, quotedPrice=null, quoteId=0, mov=null, material=null, multiUsage=null, minSellPrice=null, bottomPrice=null, priceListRemarks1=null, priceListRemarks2=null, priceListRemarks3=null, priceListRemarks4=null, description=null, qcComment=null, reschedulingWindow=null, cancellationWindow=null, resaleIndicator=null, qtyIndicator=null, productCategory=null, productProduct=null, specialPriceIndicator=false, mfr=null, requiredPartNumber=null, sapPartNumber=null, validPartNumber=false, mpq=null, moq=null, leadTime=null, requiredQty=null, eau=null, targetResale=null, soldToCustomerNumber=null, soldToCustomerName=null, customerType=null, shipToCustomerNumber=null, shipToCustomerName=null, endCustomerName=null, endCustomerNumber=null, enquirySegment=null, projectName=null, application=null, designLocation=null, designRegion=null, drmsNumber=null, competitorInformation=null, supplierDrNumber=null, mpSchedule=null, ppSchedule=null, loa=false, itemRemarks=null, attachments=null, priceValidity=null, shipmentValidity=null, key4SapPartNumberSelectedMap=null, salesCostFlag=false, salesCostType=null, salesCost=null, suggestedResale=null, productGroup2=null, productGroup1=null, productGroup3=null, productGroup4=null, pmoq=null, poExpiryDate=null, quoteExpiryDate=null, programType=null, quotedQty=null, aqFlag=false, pricerId=0, quotedMaterial=null, orderQties=null, dupQuoteItemPoExpiryDateStr=null, vendorQuoteNumber=null, vendorQuoteQty=null, qtyIndicatorFromMfrDetail=true, firstPageKey=null, costIndicatorType=null, statusColor=0, validated=false, version=0, termsAndCondition=null, hasAttach=false, drNedaLineNumber=null, drNedaId=null, quoteType=null, designInCat=null, quotaionEffectiveDate=null, bmtCheckedFlag=false, reSubmitType=null, rfqHeaderVO=null, allocationFlag=null, materialTypeId=null, requestedProgramMaterialForProgram=null, soldToCustomer=null, endCustomer=null, messages=null, matchedQuoteNumber=null, buyCurr=USD, rfqCurr=null, dLinkFlag=false, exRateRfq=null, exRateBuy=null]
Oct 11, 2018 3:47:35 PM com.avnet.emasia.webquote.entity.MaterialRegional fillInPricer
INFO: MaterialRegional[0] is used
Oct 11, 2018 3:47:35 PM com.avnet.emasia.webquote.entity.ManufacturerDetail fillIn
INFO: ManufacturerDetail[0] is used
</system-err>
  </testcase>
  <testcase classname="com.avnet.emasia.webquote.entity.MaterialTest" name="fillInPricerInfoTest2" time="0.008">
    <failure message="Name is null" type="java.lang.NullPointerException">java.lang.NullPointerException: Name is null
	at java.lang.Enum.valueOf(Enum.java:236)
	at com.avnet.emasia.webquote.entity.Currency.valueOf(Currency.java:5)
	at com.avnet.emasia.webquote.entity.Material.applyAQLogic(Material.java:517)
	at com.avnet.emasia.webquote.entity.MaterialTest.fillInPricerInfoTest2(MaterialTest.java:245)
</failure>
    <system-err>Oct 11, 2018 3:47:35 PM com.avnet.emasia.webquote.entity.Material applyAQLogic
INFO: applyAQLogic for RfqItemVO [logger=java.util.logging.Logger@47c62251, id=0, itemNumber=0, pricer=false, cost=null, costIndicator=null, drmsLinkage=false, newPartNumber=false, quoteNumber=null, quotedPartNumber=null, partMask=null, projectId=null, drProjects=null, status=null, stage=null, quotedPrice=null, quoteId=0, mov=null, material=null, multiUsage=null, minSellPrice=null, bottomPrice=null, priceListRemarks1=null, priceListRemarks2=null, priceListRemarks3=null, priceListRemarks4=null, description=null, qcComment=null, reschedulingWindow=null, cancellationWindow=null, resaleIndicator=null, qtyIndicator=null, productCategory=null, productProduct=null, specialPriceIndicator=false, mfr=null, requiredPartNumber=null, sapPartNumber=null, validPartNumber=false, mpq=null, moq=null, leadTime=null, requiredQty=null, eau=null, targetResale=null, soldToCustomerNumber=null, soldToCustomerName=null, customerType=null, shipToCustomerNumber=null, shipToCustomerName=null, endCustomerName=null, endCustomerNumber=null, enquirySegment=null, projectName=null, application=null, designLocation=null, designRegion=null, drmsNumber=null, competitorInformation=null, supplierDrNumber=null, mpSchedule=null, ppSchedule=null, loa=false, itemRemarks=null, attachments=null, priceValidity=null, shipmentValidity=null, key4SapPartNumberSelectedMap=null, salesCostFlag=false, salesCostType=null, salesCost=null, suggestedResale=null, productGroup2=null, productGroup1=null, productGroup3=null, productGroup4=null, pmoq=null, poExpiryDate=null, quoteExpiryDate=null, programType=null, quotedQty=null, aqFlag=false, pricerId=0, quotedMaterial=null, orderQties=null, dupQuoteItemPoExpiryDateStr=null, vendorQuoteNumber=null, vendorQuoteQty=null, qtyIndicatorFromMfrDetail=true, firstPageKey=null, costIndicatorType=null, statusColor=0, validated=false, version=0, termsAndCondition=null, hasAttach=false, drNedaLineNumber=null, drNedaId=null, quoteType=null, designInCat=null, quotaionEffectiveDate=null, bmtCheckedFlag=false, reSubmitType=null, rfqHeaderVO=null, allocationFlag=null, materialTypeId=null, requestedProgramMaterialForProgram=null, soldToCustomer=null, endCustomer=null, messages=null, matchedQuoteNumber=null, buyCurr=USD, rfqCurr=null, dLinkFlag=false, exRateRfq=null, exRateBuy=null]
Oct 11, 2018 3:47:35 PM com.avnet.emasia.webquote.entity.MaterialRegional fillInPricer
INFO: MaterialRegional[0] is used
Oct 11, 2018 3:47:35 PM com.avnet.emasia.webquote.entity.ManufacturerDetail fillIn
INFO: ManufacturerDetail[0] is used
</system-err>
  </testcase>
  <testcase classname="com.avnet.emasia.webquote.entity.MaterialTest" name="fillInPricerInfoTest3" time="0.001">
    <failure message="Name is null" type="java.lang.NullPointerException">java.lang.NullPointerException: Name is null
	at java.lang.Enum.valueOf(Enum.java:236)
	at com.avnet.emasia.webquote.entity.Currency.valueOf(Currency.java:5)
	at com.avnet.emasia.webquote.entity.Material.applyAQLogic(Material.java:517)
	at com.avnet.emasia.webquote.entity.MaterialTest.fillInPricerInfoTest3(MaterialTest.java:269)
</failure>
    <system-err>Oct 11, 2018 3:47:35 PM com.avnet.emasia.webquote.entity.Material applyAQLogic
INFO: applyAQLogic for RfqItemVO [logger=java.util.logging.Logger@47c62251, id=0, itemNumber=0, pricer=false, cost=null, costIndicator=null, drmsLinkage=false, newPartNumber=false, quoteNumber=null, quotedPartNumber=null, partMask=null, projectId=null, drProjects=null, status=null, stage=null, quotedPrice=null, quoteId=0, mov=null, material=null, multiUsage=null, minSellPrice=null, bottomPrice=null, priceListRemarks1=null, priceListRemarks2=null, priceListRemarks3=null, priceListRemarks4=null, description=null, qcComment=null, reschedulingWindow=null, cancellationWindow=null, resaleIndicator=null, qtyIndicator=null, productCategory=null, productProduct=null, specialPriceIndicator=false, mfr=null, requiredPartNumber=null, sapPartNumber=null, validPartNumber=false, mpq=null, moq=null, leadTime=null, requiredQty=100, eau=null, targetResale=1.15, soldToCustomerNumber=null, soldToCustomerName=null, customerType=null, shipToCustomerNumber=null, shipToCustomerName=null, endCustomerName=null, endCustomerNumber=null, enquirySegment=null, projectName=null, application=null, designLocation=null, designRegion=null, drmsNumber=null, competitorInformation=null, supplierDrNumber=null, mpSchedule=null, ppSchedule=null, loa=false, itemRemarks=null, attachments=null, priceValidity=null, shipmentValidity=null, key4SapPartNumberSelectedMap=null, salesCostFlag=false, salesCostType=null, salesCost=null, suggestedResale=null, productGroup2=null, productGroup1=null, productGroup3=null, productGroup4=null, pmoq=null, poExpiryDate=null, quoteExpiryDate=null, programType=null, quotedQty=null, aqFlag=false, pricerId=0, quotedMaterial=null, orderQties=null, dupQuoteItemPoExpiryDateStr=null, vendorQuoteNumber=null, vendorQuoteQty=null, qtyIndicatorFromMfrDetail=true, firstPageKey=null, costIndicatorType=null, statusColor=0, validated=false, version=0, termsAndCondition=null, hasAttach=false, drNedaLineNumber=null, drNedaId=null, quoteType=null, designInCat=null, quotaionEffectiveDate=null, bmtCheckedFlag=false, reSubmitType=null, rfqHeaderVO=null, allocationFlag=null, materialTypeId=null, requestedProgramMaterialForProgram=null, soldToCustomer=null, endCustomer=null, messages=null, matchedQuoteNumber=null, buyCurr=USD, rfqCurr=null, dLinkFlag=false, exRateRfq=null, exRateBuy=null]
Oct 11, 2018 3:47:35 PM com.avnet.emasia.webquote.entity.MaterialRegional fillInPricer
INFO: MaterialRegional[0] is used
Oct 11, 2018 3:47:35 PM com.avnet.emasia.webquote.entity.ManufacturerDetail fillIn
INFO: ManufacturerDetail[0] is used
</system-err>
  </testcase>
  <testcase classname="com.avnet.emasia.webquote.entity.MaterialTest" name="fillInPricerInfoTest30" time="0.001">
    <failure message="Name is null" type="java.lang.NullPointerException">java.lang.NullPointerException: Name is null
	at java.lang.Enum.valueOf(Enum.java:236)
	at com.avnet.emasia.webquote.entity.Currency.valueOf(Currency.java:5)
	at com.avnet.emasia.webquote.entity.Material.applyAQLogic(Material.java:517)
	at com.avnet.emasia.webquote.entity.MaterialTest.fillInPricerInfoTest30(MaterialTest.java:288)
</failure>
    <system-err>Oct 11, 2018 3:47:35 PM com.avnet.emasia.webquote.entity.Material applyAQLogic
INFO: applyAQLogic for RfqItemVO [logger=java.util.logging.Logger@47c62251, id=0, itemNumber=0, pricer=false, cost=null, costIndicator=null, drmsLinkage=false, newPartNumber=false, quoteNumber=null, quotedPartNumber=null, partMask=null, projectId=null, drProjects=null, status=null, stage=null, quotedPrice=null, quoteId=0, mov=null, material=null, multiUsage=null, minSellPrice=null, bottomPrice=null, priceListRemarks1=null, priceListRemarks2=null, priceListRemarks3=null, priceListRemarks4=null, description=null, qcComment=null, reschedulingWindow=null, cancellationWindow=null, resaleIndicator=null, qtyIndicator=null, productCategory=null, productProduct=null, specialPriceIndicator=false, mfr=null, requiredPartNumber=null, sapPartNumber=null, validPartNumber=false, mpq=null, moq=null, leadTime=null, requiredQty=100, eau=null, targetResale=1.15, soldToCustomerNumber=null, soldToCustomerName=null, customerType=null, shipToCustomerNumber=null, shipToCustomerName=null, endCustomerName=null, endCustomerNumber=null, enquirySegment=null, projectName=null, application=null, designLocation=null, designRegion=null, drmsNumber=null, competitorInformation=null, supplierDrNumber=null, mpSchedule=null, ppSchedule=null, loa=false, itemRemarks=null, attachments=null, priceValidity=null, shipmentValidity=null, key4SapPartNumberSelectedMap=null, salesCostFlag=false, salesCostType=null, salesCost=null, suggestedResale=null, productGroup2=null, productGroup1=null, productGroup3=null, productGroup4=null, pmoq=null, poExpiryDate=null, quoteExpiryDate=null, programType=null, quotedQty=null, aqFlag=false, pricerId=0, quotedMaterial=null, orderQties=null, dupQuoteItemPoExpiryDateStr=null, vendorQuoteNumber=null, vendorQuoteQty=null, qtyIndicatorFromMfrDetail=true, firstPageKey=null, costIndicatorType=null, statusColor=0, validated=false, version=0, termsAndCondition=null, hasAttach=false, drNedaLineNumber=null, drNedaId=null, quoteType=null, designInCat=null, quotaionEffectiveDate=null, bmtCheckedFlag=false, reSubmitType=null, rfqHeaderVO=null, allocationFlag=null, materialTypeId=null, requestedProgramMaterialForProgram=null, soldToCustomer=null, endCustomer=null, messages=null, matchedQuoteNumber=null, buyCurr=USD, rfqCurr=null, dLinkFlag=false, exRateRfq=null, exRateBuy=null]
Oct 11, 2018 3:47:35 PM com.avnet.emasia.webquote.entity.MaterialRegional fillInPricer
INFO: MaterialRegional[0] is used
Oct 11, 2018 3:47:35 PM com.avnet.emasia.webquote.entity.ManufacturerDetail fillIn
INFO: ManufacturerDetail[0] is used
</system-err>
  </testcase>
  <testcase classname="com.avnet.emasia.webquote.entity.MaterialTest" name="fillInPricerInfoTest4" time="0.072">
    <failure message="expected [false] but found [true]" type="java.lang.AssertionError">java.lang.AssertionError: expected [false] but found [true]
	at org.testng.Assert.fail(Assert.java:94)
	at org.testng.Assert.failNotEquals(Assert.java:494)
	at org.testng.Assert.assertEquals(Assert.java:123)
	at org.testng.Assert.assertEquals(Assert.java:286)
	at org.testng.Assert.assertEquals(Assert.java:296)
	at com.avnet.emasia.webquote.entity.MaterialTest.fillInPricerInfoTest4(MaterialTest.java:306)
</failure>
    <system-err>Oct 11, 2018 3:47:35 PM com.avnet.emasia.webquote.entity.Material applyAQLogic
INFO: applyAQLogic for RfqItemVO [logger=java.util.logging.Logger@47c62251, id=0, itemNumber=0, pricer=false, cost=null, costIndicator=null, drmsLinkage=false, newPartNumber=false, quoteNumber=null, quotedPartNumber=null, partMask=null, projectId=null, drProjects=null, status=null, stage=null, quotedPrice=null, quoteId=0, mov=null, material=null, multiUsage=null, minSellPrice=null, bottomPrice=null, priceListRemarks1=null, priceListRemarks2=null, priceListRemarks3=null, priceListRemarks4=null, description=null, qcComment=null, reschedulingWindow=null, cancellationWindow=null, resaleIndicator=null, qtyIndicator=null, productCategory=null, productProduct=null, specialPriceIndicator=false, mfr=null, requiredPartNumber=null, sapPartNumber=null, validPartNumber=false, mpq=null, moq=null, leadTime=null, requiredQty=100, eau=null, targetResale=0.9, soldToCustomerNumber=null, soldToCustomerName=null, customerType=null, shipToCustomerNumber=null, shipToCustomerName=null, endCustomerName=null, endCustomerNumber=null, enquirySegment=null, projectName=null, application=null, designLocation=null, designRegion=null, drmsNumber=null, competitorInformation=null, supplierDrNumber=null, mpSchedule=null, ppSchedule=null, loa=false, itemRemarks=null, attachments=null, priceValidity=null, shipmentValidity=null, key4SapPartNumberSelectedMap=null, salesCostFlag=false, salesCostType=null, salesCost=null, suggestedResale=null, productGroup2=null, productGroup1=null, productGroup3=null, productGroup4=null, pmoq=null, poExpiryDate=null, quoteExpiryDate=null, programType=null, quotedQty=null, aqFlag=false, pricerId=0, quotedMaterial=null, orderQties=null, dupQuoteItemPoExpiryDateStr=null, vendorQuoteNumber=null, vendorQuoteQty=null, qtyIndicatorFromMfrDetail=true, firstPageKey=null, costIndicatorType=null, statusColor=0, validated=false, version=0, termsAndCondition=null, hasAttach=false, drNedaLineNumber=null, drNedaId=null, quoteType=null, designInCat=null, quotaionEffectiveDate=null, bmtCheckedFlag=false, reSubmitType=null, rfqHeaderVO=null, allocationFlag=null, materialTypeId=null, requestedProgramMaterialForProgram=null, soldToCustomer=null, endCustomer=null, messages=null, matchedQuoteNumber=null, buyCurr=USD, rfqCurr=USD, dLinkFlag=false, exRateRfq=null, exRateBuy=null]
Oct 11, 2018 3:47:35 PM com.avnet.emasia.webquote.entity.MaterialRegional fillInPricer
INFO: MaterialRegional[0] is used
Oct 11, 2018 3:47:35 PM com.avnet.emasia.webquote.entity.ManufacturerDetail fillIn
INFO: ManufacturerDetail[0] is used
Oct 11, 2018 3:47:35 PM com.avnet.emasia.webquote.entity.MaterialRegional fillInPricer
INFO: MaterialRegional[0] is used
Oct 11, 2018 3:47:35 PM com.avnet.emasia.webquote.entity.ManufacturerDetail fillIn
INFO: ManufacturerDetail[0] is used
Oct 11, 2018 3:47:35 PM com.avnet.emasia.webquote.entity.Pricer fillInPricer
INFO: Pricer[0] is used
Oct 11, 2018 3:47:35 PM com.avnet.emasia.webquote.vo.RfqItemVO calExRate
SEVERE: null
Oct 11, 2018 3:47:35 PM com.avnet.emasia.webquote.vo.RfqItemVO toRfqCurr
WARNING: RfqItemVO , id:[0] can not convert to RfqCurr:[USD] Money .null
Oct 11, 2018 3:47:35 PM com.avnet.emasia.webquote.vo.RfqItemVO calAfterFillin
INFO: match AQ conditions.
Oct 11, 2018 3:47:35 PM com.avnet.emasia.webquote.vo.RfqItemVO toRfqCurr
WARNING: RfqItemVO , id:[0] can not convert to RfqCurr:[USD] Money .null
</system-err>
  </testcase>
  <testcase classname="com.avnet.emasia.webquote.entity.MaterialTest" name="getCandidatePricersForAQTest1" time="0"/>
  <testcase classname="com.avnet.emasia.webquote.entity.MaterialTest" name="getCandidatePricersForAQTest10" time="0"/>
  <testcase classname="com.avnet.emasia.webquote.entity.MaterialTest" name="getCandidatePricersForAQTest2" time="0"/>
  <testcase classname="com.avnet.emasia.webquote.entity.MaterialTest" name="getCandidatePricersForAQTest3" time="0"/>
  <testcase classname="com.avnet.emasia.webquote.entity.MaterialTest" name="getCandidatePricersForAQTest4" time="0"/>
  <testcase classname="com.avnet.emasia.webquote.entity.MaterialTest" name="getCandidatePricersForAQTest5" time="0"/>
  <testcase classname="com.avnet.emasia.webquote.entity.MaterialTest" name="getCandidatePricersForAQTest6" time="0"/>
  <testcase classname="com.avnet.emasia.webquote.entity.MaterialTest" name="getCandidatePricersForAQTest7" time="0.003"/>
  <testcase classname="com.avnet.emasia.webquote.entity.MaterialTest" name="getCandidatePricersForAQTest8" time="0.004"/>
  <testcase classname="com.avnet.emasia.webquote.entity.MaterialTest" name="getCandidatePricersForAQTest9" time="0.001"/>
  <testcase classname="com.avnet.emasia.webquote.entity.MaterialTest" name="getMaterialRegaionalTest" time="0"/>
  <testcase classname="com.avnet.emasia.webquote.entity.MoneyTest" name="test1" time="0"/>
  <testcase classname="com.avnet.emasia.webquote.entity.MoneyTest" name="test2" time="0"/>
  <testcase classname="com.avnet.emasia.webquote.entity.MoneyTest" name="test3" time="0"/>
  <testcase classname="com.avnet.emasia.webquote.entity.MoneyTest" name="test4" time="0"/>
  <testcase classname="com.avnet.emasia.webquote.entity.MoneyTest" name="test5" time="0.006"/>
  <testcase classname="com.avnet.emasia.webquote.entity.MoneyTest" name="test6" time="0"/>
  <testcase classname="com.avnet.emasia.webquote.entity.MoneyTest" name="test7" time="0"/>
  <testcase classname="com.avnet.emasia.webquote.entity.PricerTest" name="calPmoqTest0" time="0"/>
  <testcase classname="com.avnet.emasia.webquote.entity.PricerTest" name="calPmoqTest1" time="0"/>
  <testcase classname="com.avnet.emasia.webquote.entity.PricerTest" name="calPmoqTest2" time="0.001"/>
  <testcase classname="com.avnet.emasia.webquote.entity.PricerTest" name="calPmoqTest3" time="0.014"/>
  <testcase classname="com.avnet.emasia.webquote.entity.PricerTest" name="calPmoqTest4" time="0"/>
  <testcase classname="com.avnet.emasia.webquote.entity.PricerTest" name="calPriceValidityDateTest1" time="0"/>
  <testcase classname="com.avnet.emasia.webquote.entity.PricerTest" name="calPriceValidityDateTest2" time="0"/>
  <testcase classname="com.avnet.emasia.webquote.entity.PricerTest" name="isCustomerMatchedTest1" time="0"/>
  <testcase classname="com.avnet.emasia.webquote.entity.PricerTest" name="isCustomerMatchedTest2" time="0"/>
  <testcase classname="com.avnet.emasia.webquote.entity.PricerTest" name="isCustomerMatchedTest3" time="0"/>
  <testcase classname="com.avnet.emasia.webquote.entity.PricerTest" name="isCustomerMatchedTest4" time="0"/>
  <testcase classname="com.avnet.emasia.webquote.entity.PricerTest" name="isEffectivePricerTest" time="0"/>
  <testcase classname="com.avnet.emasia.webquote.entity.PricerTest" name="isSalesCostTypeMatchedTest1" time="0"/>
  <testcase classname="com.avnet.emasia.webquote.entity.PricerTest" name="isSalesCostTypeMatchedTest2" time="0"/>
  <testcase classname="com.avnet.emasia.webquote.entity.QtyBreakPricerTest" name="calQtyBreakRangeTest" time="0"/>
  <testcase classname="com.avnet.emasia.webquote.entity.QtyBreakPricerTest" name="calQtyBreakRangeTest2" time="0"/>
  <testcase classname="com.avnet.emasia.webquote.entity.QtyBreakPricerTest" name="getQtyBreakPriceTest" time="0"/>
  <testcase classname="com.avnet.emasia.webquote.entity.QtyCalTest" name="calMoqTest1" time="0">
    <failure message="expected [1500] but found [1100]" type="java.lang.AssertionError">java.lang.AssertionError: expected [1500] but found [1100]
	at org.testng.Assert.fail(Assert.java:94)
	at org.testng.Assert.failNotEquals(Assert.java:494)
	at org.testng.Assert.assertEquals(Assert.java:123)
	at org.testng.Assert.assertEquals(Assert.java:370)
	at org.testng.Assert.assertEquals(Assert.java:380)
	at com.avnet.emasia.webquote.entity.QtyCalTest.calMoqTest1(QtyCalTest.java:69)
</failure>
  </testcase>
  <testcase classname="com.avnet.emasia.webquote.entity.QtyCalTest" name="calMoqTest2" time="0">
    <failure message="expected [1800] but found [1100]" type="java.lang.AssertionError">java.lang.AssertionError: expected [1800] but found [1100]
	at org.testng.Assert.fail(Assert.java:94)
	at org.testng.Assert.failNotEquals(Assert.java:494)
	at org.testng.Assert.assertEquals(Assert.java:123)
	at org.testng.Assert.assertEquals(Assert.java:370)
	at org.testng.Assert.assertEquals(Assert.java:380)
	at com.avnet.emasia.webquote.entity.QtyCalTest.calMoqTest2(QtyCalTest.java:74)
</failure>
  </testcase>
  <testcase classname="com.avnet.emasia.webquote.entity.QtyCalTest" name="calMoqTest3" time="0"/>
  <testcase classname="com.avnet.emasia.webquote.entity.QtyCalTest" name="calQtyIndicatorTest" time="0"/>
  <testcase classname="com.avnet.emasia.webquote.entity.QtyCalTest" name="calQtyIndicatorTest2" time="0"/>
  <testcase classname="com.avnet.emasia.webquote.entity.QtyCalTest" name="calQtyIndicatorTest6" time="0"/>
  <testcase classname="com.avnet.emasia.webquote.entity.QtyCalTest" name="calQuotedQtyTest1" time="0"/>
  <testcase classname="com.avnet.emasia.webquote.entity.QtyCalTest" name="calQuotedQtyTest11" time="0"/>
  <testcase classname="com.avnet.emasia.webquote.entity.QtyCalTest" name="calQuotedQtyTest12" time="0"/>
  <testcase classname="com.avnet.emasia.webquote.entity.QtyCalTest" name="calQuotedQtyTest2" time="0"/>
  <testcase classname="com.avnet.emasia.webquote.entity.QtyCalTest" name="calQuotedQtyTest21" time="0"/>
  <testcase classname="com.avnet.emasia.webquote.entity.QtyCalTest" name="calQuotedQtyTest22" time="0"/>
  <testcase classname="com.avnet.emasia.webquote.entity.QtyCalTest" name="calQuotedQtyTest23" time="0"/>
  <testcase classname="com.avnet.emasia.webquote.entity.QtyCalTest" name="calQuotedQtyTest24" time="0"/>
  <testcase classname="com.avnet.emasia.webquote.entity.QtyCalTest" name="calQuotedQtyTest3" time="0"/>
  <testcase classname="com.avnet.emasia.webquote.entity.QtyCalTest" name="qtyIndicatorTest3" time="0"/>
  <testcase classname="com.avnet.emasia.webquote.entity.QtyCalTest" name="qtyIndicatorTest4" time="0.001"/>
  <testcase classname="com.avnet.emasia.webquote.entity.QtyCalTest" name="roundDownTest" time="0"/>
  <testcase classname="com.avnet.emasia.webquote.entity.QtyCalTest" name="roundDownTest2" time="0"/>
  <testcase classname="com.avnet.emasia.webquote.entity.QtyCalTest" name="roundDownTest3" time="0"/>
  <testcase classname="com.avnet.emasia.webquote.entity.QtyCalTest" name="roundUpTest" time="0"/>
  <testcase classname="com.avnet.emasia.webquote.entity.QtyCalTest" name="roundUpTest2" time="0"/>
  <testcase classname="com.avnet.emasia.webquote.entity.QtyCalTest" name="roundUpTest3" time="0"/>
  <testcase classname="com.avnet.emasia.webquote.vo.RfqItemVOTest" name="matchAQConditionsTest1" time="0">
    <failure message="expected [true] but found [false]" type="java.lang.AssertionError">java.lang.AssertionError: expected [true] but found [false]
	at org.testng.Assert.fail(Assert.java:94)
	at org.testng.Assert.failNotEquals(Assert.java:494)
	at org.testng.Assert.assertTrue(Assert.java:42)
	at org.testng.Assert.assertTrue(Assert.java:52)
	at com.avnet.emasia.webquote.vo.RfqItemVOTest.matchAQConditionsTest1(RfqItemVOTest.java:48)
</failure>
  </testcase>
  <testcase classname="com.avnet.emasia.webquote.vo.RfqItemVOTest" name="matchAQConditionsTest2" time="0">
    <failure message="expected [true] but found [false]" type="java.lang.AssertionError">java.lang.AssertionError: expected [true] but found [false]
	at org.testng.Assert.fail(Assert.java:94)
	at org.testng.Assert.failNotEquals(Assert.java:494)
	at org.testng.Assert.assertTrue(Assert.java:42)
	at org.testng.Assert.assertTrue(Assert.java:52)
	at com.avnet.emasia.webquote.vo.RfqItemVOTest.matchAQConditionsTest2(RfqItemVOTest.java:56)
</failure>
  </testcase>
  <testcase classname="com.avnet.emasia.webquote.vo.RfqItemVOTest" name="matchAQConditionsTest3" time="0"/>
  <testcase classname="com.avnet.emasia.webquote.vo.RfqItemVOTest" name="matchAQConditionsTest4" time="0"/>
  <testcase classname="com.avnet.emasia.webquote.vo.RfqItemVOTest" name="matchAQConditionsTest5" time="0">
    <failure message="expected [true] but found [false]" type="java.lang.AssertionError">java.lang.AssertionError: expected [true] but found [false]
	at org.testng.Assert.fail(Assert.java:94)
	at org.testng.Assert.failNotEquals(Assert.java:494)
	at org.testng.Assert.assertTrue(Assert.java:42)
	at org.testng.Assert.assertTrue(Assert.java:52)
	at com.avnet.emasia.webquote.vo.RfqItemVOTest.matchAQConditionsTest5(RfqItemVOTest.java:77)
</failure>
  </testcase>
  <testcase classname="com.avnet.emasia.webquote.vo.RfqItemVOTest" name="matchAQConditionsTest6" time="0"/>
  <testcase classname="com.avnet.emasia.webquote.vo.RfqItemVOTest" name="matchAQConditionsTest7" time="0">
    <failure message="expected [true] but found [false]" type="java.lang.AssertionError">java.lang.AssertionError: expected [true] but found [false]
	at org.testng.Assert.fail(Assert.java:94)
	at org.testng.Assert.failNotEquals(Assert.java:494)
	at org.testng.Assert.assertTrue(Assert.java:42)
	at org.testng.Assert.assertTrue(Assert.java:52)
	at com.avnet.emasia.webquote.vo.RfqItemVOTest.matchAQConditionsTest7(RfqItemVOTest.java:91)
</failure>
  </testcase>
  <testcase classname="com.avnet.emasia.webquote.vo.RfqItemVOTest" name="matchAQConditionsTest8" time="0">
    <failure message="expected [true] but found [false]" type="java.lang.AssertionError">java.lang.AssertionError: expected [true] but found [false]
	at org.testng.Assert.fail(Assert.java:94)
	at org.testng.Assert.failNotEquals(Assert.java:494)
	at org.testng.Assert.assertTrue(Assert.java:42)
	at org.testng.Assert.assertTrue(Assert.java:52)
	at com.avnet.emasia.webquote.vo.RfqItemVOTest.matchAQConditionsTest8(RfqItemVOTest.java:100)
</failure>
  </testcase>
</testsuite>